2025-11-23 15:11:26,535 | INFO | Logging to: logs\lightgcn_model\train_20251123_151126.log
2025-11-23 15:11:26,535 | INFO | Using device: cuda
2025-11-23 15:11:26,536 | INFO | Arguments: {'train_csv': 'data\\train_val_test_dir\\train.csv', 'val_csv': 'data\\train_val_test_dir\\val.csv', 'all_csv': 'data\\train_val_test_dir\\all_ratings.csv', 'text_features': 'feature_output\\movie_text_features_20251103_1457.npz', 'img_features': 'feature_output\\movie_img_features_20251103_1457.npz', 'batch_size': 64, 'epochs': 30, 'lr': 0.001, 'emb_dim': 64, 'n_layers': 3, 'topk': [5, 10, 20], 'sample_neg': 100, 'topk_max_users': 0, 'no_scheduler': False, 'log_name': 'lightgcn_model', 'device': None}
2025-11-23 15:16:06,774 | INFO | Epoch 01 | Loss: 0.6204 | Val AUC: 0.7371 | Precision@5: 0.3396 | Recall@5: 0.2572 | NDCG@5: 0.3907 | Hit@5: 0.6921 | Precision@10: 0.2948 | Recall@10: 0.4083 | NDCG@10: 0.4210 | Hit@10: 0.7979 | Precision@20: 0.2398 | Recall@20: 0.6098 | NDCG@20: 0.4807 | Hit@20: 0.8920 | MAP: 0.3886 | MRR: 0.5199
2025-11-23 15:16:06,792 | INFO | Saved best model to model\best_model_lightgcn_model.pth
2025-11-23 15:21:09,204 | INFO | Epoch 02 | Loss: 0.6154 | Val AUC: 0.7370 | Precision@5: 0.3358 | Recall@5: 0.2547 | NDCG@5: 0.3853 | Hit@5: 0.6897 | Precision@10: 0.2936 | Recall@10: 0.4095 | NDCG@10: 0.4182 | Hit@10: 0.8004 | Precision@20: 0.2392 | Recall@20: 0.6100 | NDCG@20: 0.4780 | Hit@20: 0.8910 | MAP: 0.3855 | MRR: 0.5170
2025-11-23 15:26:08,278 | INFO | Epoch 03 | Loss: 0.6153 | Val AUC: 0.7364 | Precision@5: 0.3357 | Recall@5: 0.2562 | NDCG@5: 0.3895 | Hit@5: 0.6871 | Precision@10: 0.2948 | Recall@10: 0.4142 | NDCG@10: 0.4239 | Hit@10: 0.8088 | Precision@20: 0.2409 | Recall@20: 0.6162 | NDCG@20: 0.4845 | Hit@20: 0.8939 | MAP: 0.3904 | MRR: 0.5258
2025-11-23 15:31:06,732 | INFO | Epoch 04 | Loss: 0.6153 | Val AUC: 0.7373 | Precision@5: 0.3337 | Recall@5: 0.2540 | NDCG@5: 0.3845 | Hit@5: 0.6886 | Precision@10: 0.2916 | Recall@10: 0.4085 | NDCG@10: 0.4172 | Hit@10: 0.7989 | Precision@20: 0.2394 | Recall@20: 0.6118 | NDCG@20: 0.4786 | Hit@20: 0.8927 | MAP: 0.3853 | MRR: 0.5175
2025-11-23 15:31:06,746 | INFO | Saved best model to model\best_model_lightgcn_model.pth
2025-11-23 15:36:04,734 | INFO | Epoch 05 | Loss: 0.6153 | Val AUC: 0.7363 | Precision@5: 0.3328 | Recall@5: 0.2534 | NDCG@5: 0.3853 | Hit@5: 0.6873 | Precision@10: 0.2933 | Recall@10: 0.4093 | NDCG@10: 0.4196 | Hit@10: 0.7991 | Precision@20: 0.2397 | Recall@20: 0.6110 | NDCG@20: 0.4798 | Hit@20: 0.8922 | MAP: 0.3868 | MRR: 0.5213
2025-11-23 15:41:04,052 | INFO | Epoch 06 | Loss: 0.6152 | Val AUC: 0.7368 | Precision@5: 0.3340 | Recall@5: 0.2542 | NDCG@5: 0.3863 | Hit@5: 0.6867 | Precision@10: 0.2917 | Recall@10: 0.4065 | NDCG@10: 0.4181 | Hit@10: 0.7947 | Precision@20: 0.2400 | Recall@20: 0.6143 | NDCG@20: 0.4809 | Hit@20: 0.8934 | MAP: 0.3867 | MRR: 0.5203
2025-11-23 15:46:03,035 | INFO | Epoch 07 | Loss: 0.6152 | Val AUC: 0.7374 | Precision@5: 0.3371 | Recall@5: 0.2573 | NDCG@5: 0.3890 | Hit@5: 0.6886 | Precision@10: 0.2938 | Recall@10: 0.4090 | NDCG@10: 0.4205 | Hit@10: 0.7972 | Precision@20: 0.2405 | Recall@20: 0.6133 | NDCG@20: 0.4817 | Hit@20: 0.8908 | MAP: 0.3884 | MRR: 0.5235
2025-11-23 15:46:03,042 | INFO | Saved best model to model\best_model_lightgcn_model.pth
2025-11-23 15:51:02,273 | INFO | Epoch 08 | Loss: 0.6152 | Val AUC: 0.7372 | Precision@5: 0.3366 | Recall@5: 0.2562 | NDCG@5: 0.3870 | Hit@5: 0.6886 | Precision@10: 0.2941 | Recall@10: 0.4099 | NDCG@10: 0.4196 | Hit@10: 0.7973 | Precision@20: 0.2389 | Recall@20: 0.6118 | NDCG@20: 0.4795 | Hit@20: 0.8944 | MAP: 0.3868 | MRR: 0.5180
2025-11-23 15:56:01,440 | INFO | Epoch 09 | Loss: 0.6152 | Val AUC: 0.7368 | Precision@5: 0.3363 | Recall@5: 0.2558 | NDCG@5: 0.3874 | Hit@5: 0.6916 | Precision@10: 0.2943 | Recall@10: 0.4112 | NDCG@10: 0.4206 | Hit@10: 0.8018 | Precision@20: 0.2404 | Recall@20: 0.6110 | NDCG@20: 0.4805 | Hit@20: 0.8920 | MAP: 0.3875 | MRR: 0.5205
2025-11-23 16:01:00,542 | INFO | Epoch 10 | Loss: 0.6153 | Val AUC: 0.7370 | Precision@5: 0.3327 | Recall@5: 0.2539 | NDCG@5: 0.3841 | Hit@5: 0.6857 | Precision@10: 0.2934 | Recall@10: 0.4093 | NDCG@10: 0.4184 | Hit@10: 0.7979 | Precision@20: 0.2398 | Recall@20: 0.6117 | NDCG@20: 0.4790 | Hit@20: 0.8920 | MAP: 0.3864 | MRR: 0.5170
2025-11-23 16:05:59,600 | INFO | Epoch 11 | Loss: 0.6147 | Val AUC: 0.7390 | Precision@5: 0.3350 | Recall@5: 0.2553 | NDCG@5: 0.3862 | Hit@5: 0.6843 | Precision@10: 0.2942 | Recall@10: 0.4106 | NDCG@10: 0.4202 | Hit@10: 0.8015 | Precision@20: 0.2395 | Recall@20: 0.6124 | NDCG@20: 0.4804 | Hit@20: 0.8915 | MAP: 0.3880 | MRR: 0.5182
2025-11-23 16:05:59,606 | INFO | Saved best model to model\best_model_lightgcn_model.pth
2025-11-23 16:10:58,569 | INFO | Epoch 12 | Loss: 0.6146 | Val AUC: 0.7380 | Precision@5: 0.3355 | Recall@5: 0.2545 | NDCG@5: 0.3877 | Hit@5: 0.6864 | Precision@10: 0.2941 | Recall@10: 0.4105 | NDCG@10: 0.4215 | Hit@10: 0.8017 | Precision@20: 0.2409 | Recall@20: 0.6145 | NDCG@20: 0.4830 | Hit@20: 0.8927 | MAP: 0.3898 | MRR: 0.5231
2025-11-23 16:15:57,631 | INFO | Epoch 13 | Loss: 0.6146 | Val AUC: 0.7383 | Precision@5: 0.3375 | Recall@5: 0.2540 | NDCG@5: 0.3863 | Hit@5: 0.6888 | Precision@10: 0.2968 | Recall@10: 0.4130 | NDCG@10: 0.4212 | Hit@10: 0.8032 | Precision@20: 0.2414 | Recall@20: 0.6152 | NDCG@20: 0.4814 | Hit@20: 0.8953 | MAP: 0.3880 | MRR: 0.5167
2025-11-23 16:20:55,959 | INFO | Epoch 14 | Loss: 0.6146 | Val AUC: 0.7388 | Precision@5: 0.3381 | Recall@5: 0.2568 | NDCG@5: 0.3892 | Hit@5: 0.6911 | Precision@10: 0.2957 | Recall@10: 0.4129 | NDCG@10: 0.4222 | Hit@10: 0.8027 | Precision@20: 0.2408 | Recall@20: 0.6152 | NDCG@20: 0.4824 | Hit@20: 0.8958 | MAP: 0.3887 | MRR: 0.5223
2025-11-23 16:25:54,927 | INFO | Epoch 15 | Loss: 0.6142 | Val AUC: 0.7390 | Precision@5: 0.3383 | Recall@5: 0.2562 | NDCG@5: 0.3903 | Hit@5: 0.6900 | Precision@10: 0.2954 | Recall@10: 0.4122 | NDCG@10: 0.4228 | Hit@10: 0.8029 | Precision@20: 0.2414 | Recall@20: 0.6160 | NDCG@20: 0.4839 | Hit@20: 0.8949 | MAP: 0.3903 | MRR: 0.5238
2025-11-23 16:30:54,340 | INFO | Epoch 16 | Loss: 0.6141 | Val AUC: 0.7389 | Precision@5: 0.3350 | Recall@5: 0.2553 | NDCG@5: 0.3872 | Hit@5: 0.6871 | Precision@10: 0.2930 | Recall@10: 0.4090 | NDCG@10: 0.4197 | Hit@10: 0.7977 | Precision@20: 0.2398 | Recall@20: 0.6115 | NDCG@20: 0.4805 | Hit@20: 0.8917 | MAP: 0.3880 | MRR: 0.5205
2025-11-23 16:35:53,426 | INFO | Epoch 17 | Loss: 0.6142 | Val AUC: 0.7389 | Precision@5: 0.3342 | Recall@5: 0.2538 | NDCG@5: 0.3848 | Hit@5: 0.6857 | Precision@10: 0.2935 | Recall@10: 0.4081 | NDCG@10: 0.4183 | Hit@10: 0.7954 | Precision@20: 0.2401 | Recall@20: 0.6116 | NDCG@20: 0.4795 | Hit@20: 0.8904 | MAP: 0.3868 | MRR: 0.5177
2025-11-23 16:40:52,416 | INFO | Epoch 18 | Loss: 0.6138 | Val AUC: 0.7390 | Precision@5: 0.3380 | Recall@5: 0.2582 | NDCG@5: 0.3890 | Hit@5: 0.6902 | Precision@10: 0.2938 | Recall@10: 0.4095 | NDCG@10: 0.4201 | Hit@10: 0.8001 | Precision@20: 0.2398 | Recall@20: 0.6128 | NDCG@20: 0.4809 | Hit@20: 0.8922 | MAP: 0.3880 | MRR: 0.5194
2025-11-23 16:45:51,418 | INFO | Epoch 19 | Loss: 0.6138 | Val AUC: 0.7390 | Precision@5: 0.3362 | Recall@5: 0.2554 | NDCG@5: 0.3872 | Hit@5: 0.6893 | Precision@10: 0.2948 | Recall@10: 0.4094 | NDCG@10: 0.4205 | Hit@10: 0.7977 | Precision@20: 0.2404 | Recall@20: 0.6144 | NDCG@20: 0.4818 | Hit@20: 0.8927 | MAP: 0.3887 | MRR: 0.5194
2025-11-23 16:50:50,503 | INFO | Epoch 20 | Loss: 0.6138 | Val AUC: 0.7390 | Precision@5: 0.3357 | Recall@5: 0.2561 | NDCG@5: 0.3859 | Hit@5: 0.6904 | Precision@10: 0.2941 | Recall@10: 0.4105 | NDCG@10: 0.4192 | Hit@10: 0.8015 | Precision@20: 0.2407 | Recall@20: 0.6143 | NDCG@20: 0.4805 | Hit@20: 0.8913 | MAP: 0.3872 | MRR: 0.5167
2025-11-23 16:55:49,640 | INFO | Epoch 21 | Loss: 0.6136 | Val AUC: 0.7390 | Precision@5: 0.3357 | Recall@5: 0.2567 | NDCG@5: 0.3891 | Hit@5: 0.6919 | Precision@10: 0.2943 | Recall@10: 0.4116 | NDCG@10: 0.4228 | Hit@10: 0.7992 | Precision@20: 0.2402 | Recall@20: 0.6138 | NDCG@20: 0.4835 | Hit@20: 0.8939 | MAP: 0.3910 | MRR: 0.5233
2025-11-23 17:00:48,557 | INFO | Epoch 22 | Loss: 0.6136 | Val AUC: 0.7390 | Precision@5: 0.3395 | Recall@5: 0.2591 | NDCG@5: 0.3913 | Hit@5: 0.6938 | Precision@10: 0.2960 | Recall@10: 0.4145 | NDCG@10: 0.4239 | Hit@10: 0.8025 | Precision@20: 0.2410 | Recall@20: 0.6146 | NDCG@20: 0.4836 | Hit@20: 0.8920 | MAP: 0.3904 | MRR: 0.5235
2025-11-23 17:05:47,937 | INFO | Epoch 23 | Loss: 0.6135 | Val AUC: 0.7390 | Precision@5: 0.3363 | Recall@5: 0.2554 | NDCG@5: 0.3865 | Hit@5: 0.6911 | Precision@10: 0.2962 | Recall@10: 0.4141 | NDCG@10: 0.4216 | Hit@10: 0.8039 | Precision@20: 0.2404 | Recall@20: 0.6131 | NDCG@20: 0.4808 | Hit@20: 0.8929 | MAP: 0.3884 | MRR: 0.5171
2025-11-23 17:10:46,976 | INFO | Epoch 24 | Loss: 0.6134 | Val AUC: 0.7390 | Precision@5: 0.3370 | Recall@5: 0.2579 | NDCG@5: 0.3889 | Hit@5: 0.6899 | Precision@10: 0.2934 | Recall@10: 0.4089 | NDCG@10: 0.4206 | Hit@10: 0.7968 | Precision@20: 0.2399 | Recall@20: 0.6147 | NDCG@20: 0.4824 | Hit@20: 0.8963 | MAP: 0.3896 | MRR: 0.5223
2025-11-23 17:15:46,034 | INFO | Epoch 25 | Loss: 0.6134 | Val AUC: 0.7390 | Precision@5: 0.3359 | Recall@5: 0.2554 | NDCG@5: 0.3868 | Hit@5: 0.6886 | Precision@10: 0.2950 | Recall@10: 0.4123 | NDCG@10: 0.4209 | Hit@10: 0.8013 | Precision@20: 0.2400 | Recall@20: 0.6145 | NDCG@20: 0.4811 | Hit@20: 0.8929 | MAP: 0.3880 | MRR: 0.5197
2025-11-23 17:20:45,125 | INFO | Epoch 26 | Loss: 0.6135 | Val AUC: 0.7390 | Precision@5: 0.3372 | Recall@5: 0.2585 | NDCG@5: 0.3899 | Hit@5: 0.6926 | Precision@10: 0.2935 | Recall@10: 0.4094 | NDCG@10: 0.4213 | Hit@10: 0.8018 | Precision@20: 0.2406 | Recall@20: 0.6136 | NDCG@20: 0.4829 | Hit@20: 0.8937 | MAP: 0.3902 | MRR: 0.5220
2025-11-23 17:25:44,342 | INFO | Epoch 27 | Loss: 0.6133 | Val AUC: 0.7390 | Precision@5: 0.3371 | Recall@5: 0.2558 | NDCG@5: 0.3901 | Hit@5: 0.6867 | Precision@10: 0.2959 | Recall@10: 0.4153 | NDCG@10: 0.4243 | Hit@10: 0.8055 | Precision@20: 0.2408 | Recall@20: 0.6140 | NDCG@20: 0.4836 | Hit@20: 0.8932 | MAP: 0.3911 | MRR: 0.5247
2025-11-23 17:30:42,893 | INFO | Epoch 28 | Loss: 0.6133 | Val AUC: 0.7390 | Precision@5: 0.3371 | Recall@5: 0.2567 | NDCG@5: 0.3894 | Hit@5: 0.6916 | Precision@10: 0.2947 | Recall@10: 0.4140 | NDCG@10: 0.4229 | Hit@10: 0.7992 | Precision@20: 0.2404 | Recall@20: 0.6149 | NDCG@20: 0.4834 | Hit@20: 0.8918 | MAP: 0.3903 | MRR: 0.5244
2025-11-23 17:35:42,091 | INFO | Epoch 29 | Loss: 0.6133 | Val AUC: 0.7390 | Precision@5: 0.3355 | Recall@5: 0.2562 | NDCG@5: 0.3872 | Hit@5: 0.6966 | Precision@10: 0.2947 | Recall@10: 0.4125 | NDCG@10: 0.4216 | Hit@10: 0.8006 | Precision@20: 0.2409 | Recall@20: 0.6139 | NDCG@20: 0.4825 | Hit@20: 0.8917 | MAP: 0.3892 | MRR: 0.5207
2025-11-23 17:40:41,490 | INFO | Epoch 30 | Loss: 0.6133 | Val AUC: 0.7390 | Precision@5: 0.3372 | Recall@5: 0.2582 | NDCG@5: 0.3907 | Hit@5: 0.6938 | Precision@10: 0.2939 | Recall@10: 0.4122 | NDCG@10: 0.4229 | Hit@10: 0.7999 | Precision@20: 0.2403 | Recall@20: 0.6136 | NDCG@20: 0.4836 | Hit@20: 0.8913 | MAP: 0.3906 | MRR: 0.5262



