2025-11-07 20:46:32,852 | INFO | Logging to: logs\projectiongate\train_20251107_204632.log
2025-11-07 20:46:32,852 | INFO | Using device: cuda
2025-11-07 20:46:32,852 | INFO | Model: MultimodalAddProjectionGateModel | text_dim: 384 | img_dim: 512 | proj_dim: 256 | lambda_align: 0.05 | epochs: 20 | lr: 0.0005
2025-11-07 20:48:29,909 | INFO | Epoch 01 | Train Loss: 0.6292 (BCE: 0.6123, Align: 0.3376) | Val AUC: 0.7211 | P@5: 0.7024 | R@5: 0.6078 | NDCG@5: 0.7938 | MAP: 0.7849 | Best AUC: 0.0000 | LR: 0.000500
2025-11-07 20:48:29,923 | INFO | ✅ New best model saved (projectiongate) with AUC=0.7211
2025-11-07 20:50:30,521 | INFO | Epoch 02 | Train Loss: 0.6196 (BCE: 0.6030, Align: 0.3316) | Val AUC: 0.7241 | P@5: 0.7058 | R@5: 0.6109 | NDCG@5: 0.7976 | MAP: 0.7867 | Best AUC: 0.7211 | LR: 0.000500
2025-11-07 20:50:30,530 | INFO | ✅ New best model saved (projectiongate) with AUC=0.7241
2025-11-07 20:53:15,201 | INFO | Epoch 03 | Train Loss: 0.6177 (BCE: 0.6012, Align: 0.3300) | Val AUC: 0.7245 | P@5: 0.7058 | R@5: 0.6117 | NDCG@5: 0.7977 | MAP: 0.7872 | Best AUC: 0.7241 | LR: 0.000500
2025-11-07 20:53:15,209 | INFO | ✅ New best model saved (projectiongate) with AUC=0.7245
2025-11-07 20:56:30,990 | INFO | Epoch 04 | Train Loss: 0.6171 (BCE: 0.6006, Align: 0.3285) | Val AUC: 0.7260 | P@5: 0.7069 | R@5: 0.6128 | NDCG@5: 0.7992 | MAP: 0.7879 | Best AUC: 0.7245 | LR: 0.000500
2025-11-07 20:56:30,998 | INFO | ✅ New best model saved (projectiongate) with AUC=0.7260
2025-11-07 21:00:05,138 | INFO | Epoch 05 | Train Loss: 0.6163 (BCE: 0.5999, Align: 0.3272) | Val AUC: 0.7266 | P@5: 0.7077 | R@5: 0.6114 | NDCG@5: 0.7986 | MAP: 0.7871 | Best AUC: 0.7260 | LR: 0.000500
2025-11-07 21:00:05,146 | INFO | ✅ New best model saved (projectiongate) with AUC=0.7266
2025-11-07 21:03:26,492 | INFO | Epoch 06 | Train Loss: 0.6159 (BCE: 0.5995, Align: 0.3275) | Val AUC: 0.7268 | P@5: 0.7076 | R@5: 0.6136 | NDCG@5: 0.7977 | MAP: 0.7869 | Best AUC: 0.7266 | LR: 0.000500
2025-11-07 21:03:26,501 | INFO | ✅ New best model saved (projectiongate) with AUC=0.7268
2025-11-07 21:06:52,574 | INFO | Epoch 07 | Train Loss: 0.6155 (BCE: 0.5992, Align: 0.3265) | Val AUC: 0.7268 | P@5: 0.7073 | R@5: 0.6129 | NDCG@5: 0.8000 | MAP: 0.7888 | Best AUC: 0.7268 | LR: 0.000500
2025-11-07 21:10:27,955 | INFO | Epoch 08 | Train Loss: 0.6155 (BCE: 0.5991, Align: 0.3262) | Val AUC: 0.7280 | P@5: 0.7093 | R@5: 0.6144 | NDCG@5: 0.8014 | MAP: 0.7895 | Best AUC: 0.7268 | LR: 0.000500
2025-11-07 21:10:27,964 | INFO | ✅ New best model saved (projectiongate) with AUC=0.7280
2025-11-07 21:13:57,068 | INFO | Epoch 09 | Train Loss: 0.6152 (BCE: 0.5989, Align: 0.3261) | Val AUC: 0.7271 | P@5: 0.7081 | R@5: 0.6136 | NDCG@5: 0.7999 | MAP: 0.7889 | Best AUC: 0.7280 | LR: 0.000500
2025-11-07 21:17:22,085 | INFO | Epoch 10 | Train Loss: 0.6150 (BCE: 0.5987, Align: 0.3260) | Val AUC: 0.7279 | P@5: 0.7084 | R@5: 0.6135 | NDCG@5: 0.8010 | MAP: 0.7897 | Best AUC: 0.7280 | LR: 0.000500
2025-11-07 21:20:53,903 | INFO | Epoch 11 | Train Loss: 0.6148 (BCE: 0.5985, Align: 0.3253) | Val AUC: 0.7279 | P@5: 0.7089 | R@5: 0.6145 | NDCG@5: 0.8012 | MAP: 0.7900 | Best AUC: 0.7280 | LR: 0.000500
2025-11-07 21:24:29,086 | INFO | Epoch 12 | Train Loss: 0.6148 (BCE: 0.5985, Align: 0.3258) | Val AUC: 0.7273 | P@5: 0.7070 | R@5: 0.6121 | NDCG@5: 0.7992 | MAP: 0.7887 | Best AUC: 0.7280 | LR: 0.000500
2025-11-07 21:24:29,087 | INFO | 📉 Learning rate reduced from 0.000500 to 0.000250
2025-11-07 21:28:00,361 | INFO | Epoch 13 | Train Loss: 0.6121 (BCE: 0.5960, Align: 0.3211) | Val AUC: 0.7295 | P@5: 0.7093 | R@5: 0.6134 | NDCG@5: 0.8010 | MAP: 0.7899 | Best AUC: 0.7280 | LR: 0.000250
2025-11-07 21:28:00,373 | INFO | ✅ New best model saved (projectiongate) with AUC=0.7295
2025-11-07 21:31:06,428 | INFO | Epoch 14 | Train Loss: 0.6114 (BCE: 0.5954, Align: 0.3196) | Val AUC: 0.7298 | P@5: 0.7093 | R@5: 0.6136 | NDCG@5: 0.8017 | MAP: 0.7898 | Best AUC: 0.7295 | LR: 0.000250
2025-11-07 21:31:06,437 | INFO | ✅ New best model saved (projectiongate) with AUC=0.7298
2025-11-07 21:34:21,692 | INFO | Epoch 15 | Train Loss: 0.6115 (BCE: 0.5955, Align: 0.3198) | Val AUC: 0.7300 | P@5: 0.7093 | R@5: 0.6138 | NDCG@5: 0.8026 | MAP: 0.7908 | Best AUC: 0.7298 | LR: 0.000250
2025-11-07 21:34:21,701 | INFO | ✅ New best model saved (projectiongate) with AUC=0.7300
2025-11-07 21:37:48,832 | INFO | Epoch 16 | Train Loss: 0.6115 (BCE: 0.5955, Align: 0.3198) | Val AUC: 0.7300 | P@5: 0.7090 | R@5: 0.6146 | NDCG@5: 0.8018 | MAP: 0.7899 | Best AUC: 0.7300 | LR: 0.000250
2025-11-07 21:37:48,842 | INFO | ✅ New best model saved (projectiongate) with AUC=0.7300
2025-11-07 21:41:21,348 | INFO | Epoch 17 | Train Loss: 0.6115 (BCE: 0.5955, Align: 0.3197) | Val AUC: 0.7297 | P@5: 0.7100 | R@5: 0.6145 | NDCG@5: 0.8031 | MAP: 0.7915 | Best AUC: 0.7300 | LR: 0.000250
2025-11-07 21:44:51,673 | INFO | Epoch 18 | Train Loss: 0.6114 (BCE: 0.5955, Align: 0.3193) | Val AUC: 0.7297 | P@5: 0.7091 | R@5: 0.6140 | NDCG@5: 0.8020 | MAP: 0.7908 | Best AUC: 0.7300 | LR: 0.000250
2025-11-07 21:48:22,400 | INFO | Epoch 19 | Train Loss: 0.6113 (BCE: 0.5953, Align: 0.3197) | Val AUC: 0.7295 | P@5: 0.7092 | R@5: 0.6139 | NDCG@5: 0.8023 | MAP: 0.7911 | Best AUC: 0.7300 | LR: 0.000250
2025-11-07 21:48:22,400 | INFO | 📉 Learning rate reduced from 0.000250 to 0.000125
2025-11-07 21:51:53,386 | INFO | Epoch 20 | Train Loss: 0.6098 (BCE: 0.5939, Align: 0.3173) | Val AUC: 0.7305 | P@5: 0.7092 | R@5: 0.6141 | NDCG@5: 0.8027 | MAP: 0.7919 | Best AUC: 0.7300 | LR: 0.000125
2025-11-07 21:51:53,394 | INFO | ✅ New best model saved (projectiongate) with AUC=0.7305
2025-11-07 21:51:53,394 | INFO | Training finished. Best AUC=0.7305
