2025-11-07 11:14:29,030 | INFO | Logging to: logs\train_projection_20251107_111429.log
2025-11-07 11:14:29,030 | INFO | Using device: cuda
2025-11-07 11:14:29,030 | INFO | Model: MultimodalAddProjectionModel | text_dim: 384 | img_dim: 512 | proj_dim: 256 | lambda_align: 0.2 | epochs: 20
2025-11-07 11:16:40,597 | INFO | Epoch 01 | Train Loss: 0.8305 | Val AUC: 0.7211 | Best AUC: 0.0000
2025-11-07 11:16:40,606 | INFO | ✅ New best model saved (projection) with AUC=0.7211
2025-11-07 11:19:00,606 | INFO | Epoch 02 | Train Loss: 0.7956 | Val AUC: 0.7242 | Best AUC: 0.7211
2025-11-07 11:19:00,611 | INFO | ✅ New best model saved (projection) with AUC=0.7242
2025-11-07 11:21:13,250 | INFO | Epoch 03 | Train Loss: 0.7875 | Val AUC: 0.7260 | Best AUC: 0.7242
2025-11-07 11:21:13,255 | INFO | ✅ New best model saved (projection) with AUC=0.7260
2025-11-07 11:23:23,800 | INFO | Epoch 04 | Train Loss: 0.7826 | Val AUC: 0.7271 | Best AUC: 0.7260
2025-11-07 11:23:23,805 | INFO | ✅ New best model saved (projection) with AUC=0.7271
2025-11-07 11:25:58,853 | INFO | Epoch 05 | Train Loss: 0.7800 | Val AUC: 0.7268 | Best AUC: 0.7271
2025-11-07 11:28:24,558 | INFO | Epoch 06 | Train Loss: 0.7768 | Val AUC: 0.7275 | Best AUC: 0.7271
2025-11-07 11:28:24,563 | INFO | ✅ New best model saved (projection) with AUC=0.7275
2025-11-07 11:30:33,342 | INFO | Epoch 07 | Train Loss: 0.7755 | Val AUC: 0.7276 | Best AUC: 0.7275
2025-11-07 11:30:33,349 | INFO | ✅ New best model saved (projection) with AUC=0.7276
2025-11-07 11:33:02,082 | INFO | Epoch 08 | Train Loss: 0.7745 | Val AUC: 0.7283 | Best AUC: 0.7276
2025-11-07 11:33:02,088 | INFO | ✅ New best model saved (projection) with AUC=0.7283
2025-11-07 11:35:32,053 | INFO | Epoch 09 | Train Loss: 0.7735 | Val AUC: 0.7279 | Best AUC: 0.7283
2025-11-07 11:38:19,886 | INFO | Epoch 10 | Train Loss: 0.7726 | Val AUC: 0.7286 | Best AUC: 0.7283
2025-11-07 11:38:19,892 | INFO | ✅ New best model saved (projection) with AUC=0.7286
2025-11-07 11:40:39,562 | INFO | Epoch 11 | Train Loss: 0.7715 | Val AUC: 0.7290 | Best AUC: 0.7286
2025-11-07 11:40:39,567 | INFO | ✅ New best model saved (projection) with AUC=0.7290
2025-11-07 11:43:07,997 | INFO | Epoch 12 | Train Loss: 0.7713 | Val AUC: 0.7284 | Best AUC: 0.7290
2025-11-07 11:45:33,674 | INFO | Epoch 13 | Train Loss: 0.7706 | Val AUC: 0.7286 | Best AUC: 0.7290
2025-11-07 11:47:42,784 | INFO | Epoch 14 | Train Loss: 0.7705 | Val AUC: 0.7291 | Best AUC: 0.7290
2025-11-07 11:47:42,790 | INFO | ✅ New best model saved (projection) with AUC=0.7291
2025-11-07 11:50:13,389 | INFO | Epoch 15 | Train Loss: 0.7695 | Val AUC: 0.7292 | Best AUC: 0.7291
2025-11-07 11:50:13,394 | INFO | ✅ New best model saved (projection) with AUC=0.7292
2025-11-07 11:52:50,137 | INFO | Epoch 16 | Train Loss: 0.7695 | Val AUC: 0.7287 | Best AUC: 0.7292
2025-11-07 11:55:13,689 | INFO | Epoch 17 | Train Loss: 0.7691 | Val AUC: 0.7289 | Best AUC: 0.7292
2025-11-07 11:57:28,904 | INFO | Epoch 18 | Train Loss: 0.7685 | Val AUC: 0.7288 | Best AUC: 0.7292
2025-11-07 12:00:02,145 | INFO | Epoch 19 | Train Loss: 0.7682 | Val AUC: 0.7286 | Best AUC: 0.7292
2025-11-07 12:02:25,066 | INFO | Epoch 20 | Train Loss: 0.7677 | Val AUC: 0.7292 | Best AUC: 0.7292
2025-11-07 12:02:25,066 | INFO | Training finished. Best AUC=0.7292
