2025-11-20 23:37:10,026 | INFO | Logging to: logs\img_text_model\train_20251120_233710.log
2025-11-20 23:37:10,026 | INFO | Model: ImageTextModel | text_dim: 384 | img_dim: 512 | proj_dim: 256 | num_users: 6040 | dropout_rate: 0.300 | epochs: 30 | lr: 0.000500
2025-11-20 23:39:53,594 | INFO | Epoch 01 | Train Loss: 0.5752 | Val AUC: 0.7809 | Best AUC: 0.0000 | LR: 0.000500 | Top-K: Precision@5: 0.1881 | Recall@5: 0.1334 | NDCG@5: 0.2149 | Hit@5: 0.4778 | Precision@10: 0.1708 | Recall@10: 0.2333 | NDCG@10: 0.2379 | Hit@10: 0.6089 | Precision@20: 0.1500 | Recall@20: 0.3783 | NDCG@20: 0.2844 | Hit@20: 0.7305 | MAP: 0.2331 | MRR: 0.3460
2025-11-20 23:39:53,606 | INFO | ✅ New best model saved at model\best_model_img_text.pth with AUC=0.7809
2025-11-20 23:42:42,365 | INFO | Epoch 02 | Train Loss: 0.5478 | Val AUC: 0.7878 | Best AUC: 0.7809 | LR: 0.000500 | Top-K: Precision@5: 0.1910 | Recall@5: 0.1353 | NDCG@5: 0.2169 | Hit@5: 0.4713 | Precision@10: 0.1717 | Recall@10: 0.2293 | NDCG@10: 0.2381 | Hit@10: 0.6006 | Precision@20: 0.1505 | Recall@20: 0.3791 | NDCG@20: 0.2857 | Hit@20: 0.7304 | MAP: 0.2373 | MRR: 0.3422
2025-11-20 23:42:42,375 | INFO | ✅ New best model saved at model\best_model_img_text.pth with AUC=0.7878
2025-11-20 23:45:33,925 | INFO | Epoch 03 | Train Loss: 0.5428 | Val AUC: 0.7891 | Best AUC: 0.7878 | LR: 0.000500 | Top-K: Precision@5: 0.2065 | Recall@5: 0.1519 | NDCG@5: 0.2371 | Hit@5: 0.5062 | Precision@10: 0.1876 | Recall@10: 0.2583 | NDCG@10: 0.2628 | Hit@10: 0.6421 | Precision@20: 0.1653 | Recall@20: 0.4230 | NDCG@20: 0.3161 | Hit@20: 0.7767 | MAP: 0.2558 | MRR: 0.3675
2025-11-20 23:45:33,937 | INFO | ✅ New best model saved at model\best_model_img_text.pth with AUC=0.7891
2025-11-20 23:48:20,821 | INFO | Epoch 04 | Train Loss: 0.5393 | Val AUC: 0.7925 | Best AUC: 0.7891 | LR: 0.000500 | Top-K: Precision@5: 0.1865 | Recall@5: 0.1362 | NDCG@5: 0.2153 | Hit@5: 0.4714 | Precision@10: 0.1660 | Recall@10: 0.2284 | NDCG@10: 0.2355 | Hit@10: 0.6057 | Precision@20: 0.1436 | Recall@20: 0.3688 | NDCG@20: 0.2791 | Hit@20: 0.7361 | MAP: 0.2330 | MRR: 0.3444
2025-11-20 23:48:20,831 | INFO | ✅ New best model saved at model\best_model_img_text.pth with AUC=0.7925
2025-11-20 23:51:04,323 | INFO | Epoch 05 | Train Loss: 0.5362 | Val AUC: 0.7959 | Best AUC: 0.7925 | LR: 0.000500 | Top-K: Precision@5: 0.1936 | Recall@5: 0.1410 | NDCG@5: 0.2217 | Hit@5: 0.4830 | Precision@10: 0.1776 | Recall@10: 0.2468 | NDCG@10: 0.2481 | Hit@10: 0.6378 | Precision@20: 0.1579 | Recall@20: 0.4072 | NDCG@20: 0.3007 | Hit@20: 0.7760 | MAP: 0.2441 | MRR: 0.3514
2025-11-20 23:51:04,331 | INFO | ✅ New best model saved at model\best_model_img_text.pth with AUC=0.7959
2025-11-20 23:53:48,832 | INFO | Epoch 06 | Train Loss: 0.5309 | Val AUC: 0.7990 | Best AUC: 0.7959 | LR: 0.000500 | Top-K: Precision@5: 0.2344 | Recall@5: 0.1757 | NDCG@5: 0.2703 | Hit@5: 0.5627 | Precision@10: 0.2064 | Recall@10: 0.2894 | NDCG@10: 0.2951 | Hit@10: 0.6944 | Precision@20: 0.1725 | Recall@20: 0.4474 | NDCG@20: 0.3434 | Hit@20: 0.8086 | MAP: 0.2759 | MRR: 0.4062
2025-11-20 23:53:48,842 | INFO | ✅ New best model saved at model\best_model_img_text.pth with AUC=0.7990
2025-11-20 23:56:41,475 | INFO | Epoch 07 | Train Loss: 0.5269 | Val AUC: 0.8007 | Best AUC: 0.7990 | LR: 0.000500 | Top-K: Precision@5: 0.2366 | Recall@5: 0.1754 | NDCG@5: 0.2734 | Hit@5: 0.5599 | Precision@10: 0.2091 | Recall@10: 0.2908 | NDCG@10: 0.2980 | Hit@10: 0.6916 | Precision@20: 0.1740 | Recall@20: 0.4495 | NDCG@20: 0.3458 | Hit@20: 0.8093 | MAP: 0.2780 | MRR: 0.4134
2025-11-20 23:56:41,483 | INFO | ✅ New best model saved at model\best_model_img_text.pth with AUC=0.8007
2025-11-20 23:59:25,201 | INFO | Epoch 08 | Train Loss: 0.5245 | Val AUC: 0.8017 | Best AUC: 0.8007 | LR: 0.000500 | Top-K: Precision@5: 0.2252 | Recall@5: 0.1659 | NDCG@5: 0.2586 | Hit@5: 0.5453 | Precision@10: 0.1984 | Recall@10: 0.2755 | NDCG@10: 0.2822 | Hit@10: 0.6722 | Precision@20: 0.1671 | Recall@20: 0.4310 | NDCG@20: 0.3299 | Hit@20: 0.7935 | MAP: 0.2674 | MRR: 0.3933
2025-11-20 23:59:25,214 | INFO | ✅ New best model saved at model\best_model_img_text.pth with AUC=0.8017
2025-11-21 00:02:16,486 | INFO | Epoch 09 | Train Loss: 0.5226 | Val AUC: 0.8016 | Best AUC: 0.8017 | LR: 0.000500 | Top-K: Precision@5: 0.2462 | Recall@5: 0.1864 | NDCG@5: 0.2861 | Hit@5: 0.5848 | Precision@10: 0.2095 | Recall@10: 0.2938 | NDCG@10: 0.3050 | Hit@10: 0.7006 | Precision@20: 0.1735 | Recall@20: 0.4484 | NDCG@20: 0.3513 | Hit@20: 0.8091 | MAP: 0.2835 | MRR: 0.4263
2025-11-21 00:05:04,863 | INFO | Epoch 10 | Train Loss: 0.5217 | Val AUC: 0.8019 | Best AUC: 0.8017 | LR: 0.000500 | Top-K: Precision@5: 0.2200 | Recall@5: 0.1631 | NDCG@5: 0.2535 | Hit@5: 0.5318 | Precision@10: 0.1952 | Recall@10: 0.2742 | NDCG@10: 0.2784 | Hit@10: 0.6734 | Precision@20: 0.1657 | Recall@20: 0.4316 | NDCG@20: 0.3272 | Hit@20: 0.7935 | MAP: 0.2635 | MRR: 0.3909
2025-11-21 00:05:04,875 | INFO | ✅ New best model saved at model\best_model_img_text.pth with AUC=0.8019
2025-11-21 00:07:50,711 | INFO | Epoch 11 | Train Loss: 0.5210 | Val AUC: 0.8013 | Best AUC: 0.8019 | LR: 0.000500 | Top-K: Precision@5: 0.2432 | Recall@5: 0.1819 | NDCG@5: 0.2821 | Hit@5: 0.5777 | Precision@10: 0.2107 | Recall@10: 0.2941 | NDCG@10: 0.3041 | Hit@10: 0.7013 | Precision@20: 0.1769 | Recall@20: 0.4595 | NDCG@20: 0.3545 | Hit@20: 0.8145 | MAP: 0.2837 | MRR: 0.4238
2025-11-21 00:10:38,929 | INFO | Epoch 12 | Train Loss: 0.5204 | Val AUC: 0.8027 | Best AUC: 0.8019 | LR: 0.000500 | Top-K: Precision@5: 0.2365 | Recall@5: 0.1790 | NDCG@5: 0.2743 | Hit@5: 0.5651 | Precision@10: 0.2093 | Recall@10: 0.2948 | NDCG@10: 0.3001 | Hit@10: 0.6994 | Precision@20: 0.1778 | Recall@20: 0.4670 | NDCG@20: 0.3541 | Hit@20: 0.8250 | MAP: 0.2837 | MRR: 0.4132
2025-11-21 00:10:38,940 | INFO | ✅ New best model saved at model\best_model_img_text.pth with AUC=0.8027
2025-11-21 00:13:33,890 | INFO | Epoch 13 | Train Loss: 0.5196 | Val AUC: 0.8010 | Best AUC: 0.8027 | LR: 0.000500 | Top-K: Precision@5: 0.2504 | Recall@5: 0.1875 | NDCG@5: 0.2933 | Hit@5: 0.5940 | Precision@10: 0.2176 | Recall@10: 0.3027 | NDCG@10: 0.3161 | Hit@10: 0.7191 | Precision@20: 0.1803 | Recall@20: 0.4658 | NDCG@20: 0.3652 | Hit@20: 0.8276 | MAP: 0.2915 | MRR: 0.4432
2025-11-21 00:16:25,340 | INFO | Epoch 14 | Train Loss: 0.5192 | Val AUC: 0.8039 | Best AUC: 0.8027 | LR: 0.000500 | Top-K: Precision@5: 0.2366 | Recall@5: 0.1761 | NDCG@5: 0.2735 | Hit@5: 0.5673 | Precision@10: 0.2066 | Recall@10: 0.2865 | NDCG@10: 0.2961 | Hit@10: 0.6871 | Precision@20: 0.1748 | Recall@20: 0.4504 | NDCG@20: 0.3470 | Hit@20: 0.8082 | MAP: 0.2792 | MRR: 0.4132
2025-11-21 00:16:25,351 | INFO | ✅ New best model saved at model\best_model_img_text.pth with AUC=0.8039
2025-11-21 00:19:12,847 | INFO | Epoch 15 | Train Loss: 0.5189 | Val AUC: 0.8019 | Best AUC: 0.8039 | LR: 0.000500 | Top-K: Precision@5: 0.2425 | Recall@5: 0.1788 | NDCG@5: 0.2807 | Hit@5: 0.5753 | Precision@10: 0.2118 | Recall@10: 0.2946 | NDCG@10: 0.3042 | Hit@10: 0.6989 | Precision@20: 0.1775 | Recall@20: 0.4554 | NDCG@20: 0.3534 | Hit@20: 0.8157 | MAP: 0.2837 | MRR: 0.4208
2025-11-21 00:21:55,211 | INFO | Epoch 16 | Train Loss: 0.5187 | Val AUC: 0.8031 | Best AUC: 0.8039 | LR: 0.000500 | Top-K: Precision@5: 0.2434 | Recall@5: 0.1852 | NDCG@5: 0.2846 | Hit@5: 0.5822 | Precision@10: 0.2104 | Recall@10: 0.3004 | NDCG@10: 0.3075 | Hit@10: 0.7118 | Precision@20: 0.1756 | Recall@20: 0.4596 | NDCG@20: 0.3562 | Hit@20: 0.8229 | MAP: 0.2866 | MRR: 0.4300
2025-11-21 00:24:43,106 | INFO | Epoch 17 | Train Loss: 0.5184 | Val AUC: 0.8029 | Best AUC: 0.8039 | LR: 0.000500 | Top-K: Precision@5: 0.2318 | Recall@5: 0.1714 | NDCG@5: 0.2711 | Hit@5: 0.5543 | Precision@10: 0.1999 | Recall@10: 0.2753 | NDCG@10: 0.2898 | Hit@10: 0.6807 | Precision@20: 0.1671 | Recall@20: 0.4279 | NDCG@20: 0.3357 | Hit@20: 0.7977 | MAP: 0.2734 | MRR: 0.4146
2025-11-21 00:27:30,528 | INFO | Epoch 18 | Train Loss: 0.5184 | Val AUC: 0.8038 | Best AUC: 0.8039 | LR: 0.000500 | Top-K: Precision@5: 0.2370 | Recall@5: 0.1761 | NDCG@5: 0.2741 | Hit@5: 0.5656 | Precision@10: 0.2076 | Recall@10: 0.2872 | NDCG@10: 0.2970 | Hit@10: 0.6949 | Precision@20: 0.1751 | Recall@20: 0.4501 | NDCG@20: 0.3470 | Hit@20: 0.8124 | MAP: 0.2799 | MRR: 0.4151
2025-11-21 00:27:30,529 | INFO | 📉 Learning rate reduced from 0.000500 to 0.000250
2025-11-21 00:30:19,130 | INFO | Epoch 19 | Train Loss: 0.5116 | Val AUC: 0.8055 | Best AUC: 0.8039 | LR: 0.000250 | Top-K: Precision@5: 0.2371 | Recall@5: 0.1774 | NDCG@5: 0.2762 | Hit@5: 0.5646 | Precision@10: 0.2079 | Recall@10: 0.2875 | NDCG@10: 0.2987 | Hit@10: 0.6923 | Precision@20: 0.1743 | Recall@20: 0.4482 | NDCG@20: 0.3474 | Hit@20: 0.8091 | MAP: 0.2806 | MRR: 0.4173
2025-11-21 00:30:19,138 | INFO | ✅ New best model saved at model\best_model_img_text.pth with AUC=0.8055
2025-11-21 00:33:07,873 | INFO | Epoch 20 | Train Loss: 0.5103 | Val AUC: 0.8052 | Best AUC: 0.8055 | LR: 0.000250 | Top-K: Precision@5: 0.2353 | Recall@5: 0.1738 | NDCG@5: 0.2737 | Hit@5: 0.5644 | Precision@10: 0.2054 | Recall@10: 0.2823 | NDCG@10: 0.2951 | Hit@10: 0.6886 | Precision@20: 0.1732 | Recall@20: 0.4385 | NDCG@20: 0.3431 | Hit@20: 0.8010 | MAP: 0.2775 | MRR: 0.4163
2025-11-21 00:35:57,398 | INFO | Epoch 21 | Train Loss: 0.5101 | Val AUC: 0.8054 | Best AUC: 0.8055 | LR: 0.000250 | Top-K: Precision@5: 0.2415 | Recall@5: 0.1767 | NDCG@5: 0.2789 | Hit@5: 0.5713 | Precision@10: 0.2117 | Recall@10: 0.2895 | NDCG@10: 0.3016 | Hit@10: 0.6970 | Precision@20: 0.1764 | Recall@20: 0.4472 | NDCG@20: 0.3492 | Hit@20: 0.8065 | MAP: 0.2819 | MRR: 0.4204
2025-11-21 00:38:40,572 | INFO | Epoch 22 | Train Loss: 0.5101 | Val AUC: 0.8043 | Best AUC: 0.8055 | LR: 0.000250 | Top-K: Precision@5: 0.2300 | Recall@5: 0.1692 | NDCG@5: 0.2680 | Hit@5: 0.5569 | Precision@10: 0.2030 | Recall@10: 0.2774 | NDCG@10: 0.2902 | Hit@10: 0.6861 | Precision@20: 0.1727 | Recall@20: 0.4393 | NDCG@20: 0.3402 | Hit@20: 0.8069 | MAP: 0.2747 | MRR: 0.4127
2025-11-21 00:41:32,636 | INFO | Epoch 23 | Train Loss: 0.5096 | Val AUC: 0.8053 | Best AUC: 0.8055 | LR: 0.000250 | Top-K: Precision@5: 0.2348 | Recall@5: 0.1729 | NDCG@5: 0.2726 | Hit@5: 0.5670 | Precision@10: 0.2048 | Recall@10: 0.2804 | NDCG@10: 0.2933 | Hit@10: 0.6897 | Precision@20: 0.1729 | Recall@20: 0.4392 | NDCG@20: 0.3420 | Hit@20: 0.8082 | MAP: 0.2764 | MRR: 0.4153
2025-11-21 00:41:32,636 | INFO | 📉 Learning rate reduced from 0.000250 to 0.000125
2025-11-21 00:44:20,751 | INFO | Epoch 24 | Train Loss: 0.5054 | Val AUC: 0.8054 | Best AUC: 0.8055 | LR: 0.000125 | Top-K: Precision@5: 0.2317 | Recall@5: 0.1699 | NDCG@5: 0.2673 | Hit@5: 0.5582 | Precision@10: 0.2048 | Recall@10: 0.2798 | NDCG@10: 0.2904 | Hit@10: 0.6911 | Precision@20: 0.1746 | Recall@20: 0.4445 | NDCG@20: 0.3416 | Hit@20: 0.8086 | MAP: 0.2748 | MRR: 0.4073
2025-11-21 00:47:09,190 | INFO | Epoch 25 | Train Loss: 0.5047 | Val AUC: 0.8059 | Best AUC: 0.8055 | LR: 0.000125 | Top-K: Precision@5: 0.2264 | Recall@5: 0.1648 | NDCG@5: 0.2606 | Hit@5: 0.5483 | Precision@10: 0.2026 | Recall@10: 0.2768 | NDCG@10: 0.2855 | Hit@10: 0.6874 | Precision@20: 0.1741 | Recall@20: 0.4416 | NDCG@20: 0.3375 | Hit@20: 0.8051 | MAP: 0.2723 | MRR: 0.3998
2025-11-21 00:47:09,203 | INFO | ✅ New best model saved at model\best_model_img_text.pth with AUC=0.8059
2025-11-21 00:49:57,172 | INFO | Epoch 26 | Train Loss: 0.5045 | Val AUC: 0.8058 | Best AUC: 0.8059 | LR: 0.000125 | Top-K: Precision@5: 0.2316 | Recall@5: 0.1692 | NDCG@5: 0.2665 | Hit@5: 0.5580 | Precision@10: 0.2053 | Recall@10: 0.2800 | NDCG@10: 0.2901 | Hit@10: 0.6906 | Precision@20: 0.1743 | Recall@20: 0.4430 | NDCG@20: 0.3404 | Hit@20: 0.8081 | MAP: 0.2748 | MRR: 0.4065
2025-11-21 00:52:46,688 | INFO | Epoch 27 | Train Loss: 0.5042 | Val AUC: 0.8056 | Best AUC: 0.8059 | LR: 0.000125 | Top-K: Precision@5: 0.2315 | Recall@5: 0.1659 | NDCG@5: 0.2652 | Hit@5: 0.5578 | Precision@10: 0.2033 | Recall@10: 0.2722 | NDCG@10: 0.2860 | Hit@10: 0.6831 | Precision@20: 0.1739 | Recall@20: 0.4369 | NDCG@20: 0.3369 | Hit@20: 0.8046 | MAP: 0.2716 | MRR: 0.4052
2025-11-21 00:55:42,430 | INFO | Epoch 28 | Train Loss: 0.5040 | Val AUC: 0.8059 | Best AUC: 0.8059 | LR: 0.000125 | Top-K: Precision@5: 0.2261 | Recall@5: 0.1624 | NDCG@5: 0.2612 | Hit@5: 0.5453 | Precision@10: 0.2022 | Recall@10: 0.2752 | NDCG@10: 0.2859 | Hit@10: 0.6862 | Precision@20: 0.1731 | Recall@20: 0.4356 | NDCG@20: 0.3363 | Hit@20: 0.8001 | MAP: 0.2723 | MRR: 0.4042
2025-11-21 00:55:42,442 | INFO | ✅ New best model saved at model\best_model_img_text.pth with AUC=0.8059
2025-11-21 00:58:36,976 | INFO | Epoch 29 | Train Loss: 0.5038 | Val AUC: 0.8061 | Best AUC: 0.8059 | LR: 0.000125 | Top-K: Precision@5: 0.2260 | Recall@5: 0.1648 | NDCG@5: 0.2604 | Hit@5: 0.5478 | Precision@10: 0.2022 | Recall@10: 0.2758 | NDCG@10: 0.2849 | Hit@10: 0.6857 | Precision@20: 0.1742 | Recall@20: 0.4421 | NDCG@20: 0.3374 | Hit@20: 0.8048 | MAP: 0.2727 | MRR: 0.4004
2025-11-21 00:58:36,987 | INFO | ✅ New best model saved at model\best_model_img_text.pth with AUC=0.8061
2025-11-21 01:01:28,388 | INFO | Epoch 30 | Train Loss: 0.5037 | Val AUC: 0.8060 | Best AUC: 0.8061 | LR: 0.000125 | Top-K: Precision@5: 0.2231 | Recall@5: 0.1619 | NDCG@5: 0.2562 | Hit@5: 0.5426 | Precision@10: 0.1990 | Recall@10: 0.2718 | NDCG@10: 0.2802 | Hit@10: 0.6807 | Precision@20: 0.1722 | Recall@20: 0.4366 | NDCG@20: 0.3325 | Hit@20: 0.8010 | MAP: 0.2685 | MRR: 0.3950
2025-11-21 01:01:28,389 | INFO | Training finished. Best AUC=0.8061
