2025-11-21 02:06:28,237 | INFO | Logging to: logs\text_model_fast\train_20251121_020628.log
2025-11-21 02:06:28,237 | INFO | Using device: cuda
2025-11-21 02:06:28,238 | INFO | Model: TextModel | input_dim: 384 | proj_dim: 256 | num_users: 6040 | dropout_rate: 0.3 | epochs: 30 | lr: 0.0005
2025-11-21 02:08:07,394 | INFO | Epoch 01 | Train Loss: 0.6577 | Val AUC: 0.7684 | Best AUC: 0.0000 | LR: 0.000500 | Top-K: Precision@5: 0.1978 | Recall@5: 0.1395 | NDCG@5: 0.2239 | Hit@5: 0.4920 | Precision@10: 0.1784 | Recall@10: 0.2390 | NDCG@10: 0.2463 | Hit@10: 0.6179 | Precision@20: 0.1601 | Recall@20: 0.4022 | NDCG@20: 0.2995 | Hit@20: 0.7579 | MAP: 0.2477 | MRR: 0.3532
2025-11-21 02:08:07,402 | INFO | ✅ New best model saved at model\best_model_text_model.pth with AUC=0.7684
2025-11-21 02:09:48,755 | INFO | Epoch 02 | Train Loss: 0.5525 | Val AUC: 0.7915 | Best AUC: 0.7684 | LR: 0.000500 | Top-K: Precision@5: 0.2276 | Recall@5: 0.1622 | NDCG@5: 0.2558 | Hit@5: 0.5351 | Precision@10: 0.2047 | Recall@10: 0.2761 | NDCG@10: 0.2813 | Hit@10: 0.6675 | Precision@20: 0.1797 | Recall@20: 0.4545 | NDCG@20: 0.3385 | Hit@20: 0.7991 | MAP: 0.2744 | MRR: 0.3851
2025-11-21 02:09:48,761 | INFO | ✅ New best model saved at model\best_model_text_model.pth with AUC=0.7915
2025-11-21 02:11:33,438 | INFO | Epoch 03 | Train Loss: 0.5305 | Val AUC: 0.8016 | Best AUC: 0.7915 | LR: 0.000500 | Top-K: Precision@5: 0.2674 | Recall@5: 0.1966 | NDCG@5: 0.3071 | Hit@5: 0.6082 | Precision@10: 0.2346 | Recall@10: 0.3192 | NDCG@10: 0.3319 | Hit@10: 0.7233 | Precision@20: 0.1936 | Recall@20: 0.4907 | NDCG@20: 0.3830 | Hit@20: 0.8384 | MAP: 0.3087 | MRR: 0.4495
2025-11-21 02:11:33,443 | INFO | ✅ New best model saved at model\best_model_text_model.pth with AUC=0.8016
2025-11-21 02:13:14,294 | INFO | Epoch 04 | Train Loss: 0.5149 | Val AUC: 0.8077 | Best AUC: 0.8016 | LR: 0.000500 | Top-K: Precision@5: 0.2683 | Recall@5: 0.1996 | NDCG@5: 0.3091 | Hit@5: 0.6168 | Precision@10: 0.2349 | Recall@10: 0.3233 | NDCG@10: 0.3346 | Hit@10: 0.7343 | Precision@20: 0.1972 | Recall@20: 0.5034 | NDCG@20: 0.3900 | Hit@20: 0.8475 | MAP: 0.3134 | MRR: 0.4532
2025-11-21 02:13:14,300 | INFO | ✅ New best model saved at model\best_model_text_model.pth with AUC=0.8077
2025-11-21 02:14:57,101 | INFO | Epoch 05 | Train Loss: 0.5027 | Val AUC: 0.8097 | Best AUC: 0.8077 | LR: 0.000500 | Top-K: Precision@5: 0.2876 | Recall@5: 0.2157 | NDCG@5: 0.3340 | Hit@5: 0.6497 | Precision@10: 0.2500 | Recall@10: 0.3458 | NDCG@10: 0.3597 | Hit@10: 0.7683 | Precision@20: 0.2047 | Recall@20: 0.5227 | NDCG@20: 0.4122 | Hit@20: 0.8633 | MAP: 0.3301 | MRR: 0.4814
2025-11-21 02:14:57,107 | INFO | ✅ New best model saved at model\best_model_text_model.pth with AUC=0.8097
2025-11-21 02:16:40,815 | INFO | Epoch 06 | Train Loss: 0.4924 | Val AUC: 0.8105 | Best AUC: 0.8097 | LR: 0.000500 | Top-K: Precision@5: 0.2981 | Recall@5: 0.2247 | NDCG@5: 0.3460 | Hit@5: 0.6644 | Precision@10: 0.2536 | Recall@10: 0.3522 | NDCG@10: 0.3684 | Hit@10: 0.7748 | Precision@20: 0.2074 | Recall@20: 0.5302 | NDCG@20: 0.4213 | Hit@20: 0.8724 | MAP: 0.3369 | MRR: 0.4951
2025-11-21 02:16:40,822 | INFO | ✅ New best model saved at model\best_model_text_model.pth with AUC=0.8105
2025-11-21 02:18:21,720 | INFO | Epoch 07 | Train Loss: 0.4822 | Val AUC: 0.8090 | Best AUC: 0.8105 | LR: 0.000500 | Top-K: Precision@5: 0.3105 | Recall@5: 0.2350 | NDCG@5: 0.3631 | Hit@5: 0.6826 | Precision@10: 0.2682 | Recall@10: 0.3762 | NDCG@10: 0.3908 | Hit@10: 0.8013 | Precision@20: 0.2142 | Recall@20: 0.5510 | NDCG@20: 0.4410 | Hit@20: 0.8875 | MAP: 0.3527 | MRR: 0.5168
2025-11-21 02:20:06,334 | INFO | Epoch 08 | Train Loss: 0.4719 | Val AUC: 0.8089 | Best AUC: 0.8105 | LR: 0.000500 | Top-K: Precision@5: 0.2999 | Recall@5: 0.2275 | NDCG@5: 0.3490 | Hit@5: 0.6732 | Precision@10: 0.2575 | Recall@10: 0.3558 | NDCG@10: 0.3731 | Hit@10: 0.7871 | Precision@20: 0.2088 | Recall@20: 0.5342 | NDCG@20: 0.4249 | Hit@20: 0.8830 | MAP: 0.3391 | MRR: 0.4993
2025-11-21 02:21:46,092 | INFO | Epoch 09 | Train Loss: 0.4629 | Val AUC: 0.8092 | Best AUC: 0.8105 | LR: 0.000500 | Top-K: Precision@5: 0.3075 | Recall@5: 0.2308 | NDCG@5: 0.3602 | Hit@5: 0.6802 | Precision@10: 0.2630 | Recall@10: 0.3637 | NDCG@10: 0.3835 | Hit@10: 0.7942 | Precision@20: 0.2107 | Recall@20: 0.5378 | NDCG@20: 0.4327 | Hit@20: 0.8823 | MAP: 0.3455 | MRR: 0.5169
2025-11-21 02:23:25,509 | INFO | Epoch 10 | Train Loss: 0.4546 | Val AUC: 0.8074 | Best AUC: 0.8105 | LR: 0.000500 | Top-K: Precision@5: 0.3124 | Recall@5: 0.2353 | NDCG@5: 0.3648 | Hit@5: 0.6966 | Precision@10: 0.2659 | Recall@10: 0.3667 | NDCG@10: 0.3872 | Hit@10: 0.8030 | Precision@20: 0.2118 | Recall@20: 0.5417 | NDCG@20: 0.4363 | Hit@20: 0.8899 | MAP: 0.3475 | MRR: 0.5198
2025-11-21 02:23:25,510 | INFO | 📉 Learning rate reduced from 0.000500 to 0.000250
2025-11-21 02:25:05,160 | INFO | Epoch 11 | Train Loss: 0.4273 | Val AUC: 0.8030 | Best AUC: 0.8105 | LR: 0.000250 | Top-K: Precision@5: 0.3118 | Recall@5: 0.2366 | NDCG@5: 0.3661 | Hit@5: 0.7015 | Precision@10: 0.2630 | Recall@10: 0.3656 | NDCG@10: 0.3865 | Hit@10: 0.8081 | Precision@20: 0.2108 | Recall@20: 0.5413 | NDCG@20: 0.4363 | Hit@20: 0.8930 | MAP: 0.3462 | MRR: 0.5264
2025-11-21 02:26:46,017 | INFO | Epoch 12 | Train Loss: 0.4174 | Val AUC: 0.8018 | Best AUC: 0.8105 | LR: 0.000250 | Top-K: Precision@5: 0.3004 | Recall@5: 0.2280 | NDCG@5: 0.3540 | Hit@5: 0.6909 | Precision@10: 0.2563 | Recall@10: 0.3568 | NDCG@10: 0.3762 | Hit@10: 0.8034 | Precision@20: 0.2066 | Recall@20: 0.5312 | NDCG@20: 0.4262 | Hit@20: 0.8901 | MAP: 0.3371 | MRR: 0.5169
2025-11-21 02:28:21,900 | INFO | Epoch 13 | Train Loss: 0.4103 | Val AUC: 0.8007 | Best AUC: 0.8105 | LR: 0.000250 | Top-K: Precision@5: 0.3066 | Recall@5: 0.2329 | NDCG@5: 0.3586 | Hit@5: 0.6961 | Precision@10: 0.2606 | Recall@10: 0.3634 | NDCG@10: 0.3810 | Hit@10: 0.8072 | Precision@20: 0.2088 | Recall@20: 0.5351 | NDCG@20: 0.4298 | Hit@20: 0.8934 | MAP: 0.3400 | MRR: 0.5160
2025-11-21 02:30:04,285 | INFO | Epoch 14 | Train Loss: 0.4047 | Val AUC: 0.7986 | Best AUC: 0.8105 | LR: 0.000250 | Top-K: Precision@5: 0.3065 | Recall@5: 0.2313 | NDCG@5: 0.3597 | Hit@5: 0.6956 | Precision@10: 0.2587 | Recall@10: 0.3586 | NDCG@10: 0.3802 | Hit@10: 0.8098 | Precision@20: 0.2081 | Recall@20: 0.5329 | NDCG@20: 0.4297 | Hit@20: 0.8934 | MAP: 0.3392 | MRR: 0.5225
2025-11-21 02:30:04,287 | INFO | 📉 Learning rate reduced from 0.000250 to 0.000125
2025-11-21 02:31:44,244 | INFO | Epoch 15 | Train Loss: 0.3844 | Val AUC: 0.7947 | Best AUC: 0.8105 | LR: 0.000125 | Top-K: Precision@5: 0.3012 | Recall@5: 0.2280 | NDCG@5: 0.3543 | Hit@5: 0.6980 | Precision@10: 0.2557 | Recall@10: 0.3559 | NDCG@10: 0.3759 | Hit@10: 0.8079 | Precision@20: 0.2055 | Recall@20: 0.5289 | NDCG@20: 0.4247 | Hit@20: 0.8943 | MAP: 0.3345 | MRR: 0.5184
2025-11-21 02:33:21,644 | INFO | Epoch 16 | Train Loss: 0.3787 | Val AUC: 0.7936 | Best AUC: 0.8105 | LR: 0.000125 | Top-K: Precision@5: 0.2972 | Recall@5: 0.2249 | NDCG@5: 0.3481 | Hit@5: 0.6914 | Precision@10: 0.2532 | Recall@10: 0.3512 | NDCG@10: 0.3704 | Hit@10: 0.8029 | Precision@20: 0.2058 | Recall@20: 0.5274 | NDCG@20: 0.4214 | Hit@20: 0.8925 | MAP: 0.3321 | MRR: 0.5096
2025-11-21 02:35:02,483 | INFO | Epoch 17 | Train Loss: 0.3745 | Val AUC: 0.7933 | Best AUC: 0.8105 | LR: 0.000125 | Top-K: Precision@5: 0.2993 | Recall@5: 0.2248 | NDCG@5: 0.3512 | Hit@5: 0.6985 | Precision@10: 0.2547 | Recall@10: 0.3526 | NDCG@10: 0.3728 | Hit@10: 0.8055 | Precision@20: 0.2056 | Recall@20: 0.5271 | NDCG@20: 0.4225 | Hit@20: 0.8922 | MAP: 0.3319 | MRR: 0.5166
2025-11-21 02:36:45,053 | INFO | Epoch 18 | Train Loss: 0.3713 | Val AUC: 0.7909 | Best AUC: 0.8105 | LR: 0.000125 | Top-K: Precision@5: 0.2879 | Recall@5: 0.2164 | NDCG@5: 0.3372 | Hit@5: 0.6857 | Precision@10: 0.2497 | Recall@10: 0.3469 | NDCG@10: 0.3626 | Hit@10: 0.8072 | Precision@20: 0.2024 | Recall@20: 0.5203 | NDCG@20: 0.4124 | Hit@20: 0.8924 | MAP: 0.3225 | MRR: 0.5034
2025-11-21 02:36:45,054 | INFO | 📉 Learning rate reduced from 0.000125 to 0.000063
2025-11-21 02:38:28,843 | INFO | Epoch 19 | Train Loss: 0.3581 | Val AUC: 0.7903 | Best AUC: 0.8105 | LR: 0.000063 | Top-K: Precision@5: 0.2850 | Recall@5: 0.2117 | NDCG@5: 0.3334 | Hit@5: 0.6779 | Precision@10: 0.2463 | Recall@10: 0.3424 | NDCG@10: 0.3584 | Hit@10: 0.8020 | Precision@20: 0.2008 | Recall@20: 0.5154 | NDCG@20: 0.4086 | Hit@20: 0.8892 | MAP: 0.3204 | MRR: 0.4983
2025-11-21 02:40:09,481 | INFO | Epoch 20 | Train Loss: 0.3557 | Val AUC: 0.7886 | Best AUC: 0.8105 | LR: 0.000063 | Top-K: Precision@5: 0.2867 | Recall@5: 0.2162 | NDCG@5: 0.3342 | Hit@5: 0.6845 | Precision@10: 0.2466 | Recall@10: 0.3433 | NDCG@10: 0.3577 | Hit@10: 0.8055 | Precision@20: 0.2009 | Recall@20: 0.5143 | NDCG@20: 0.4074 | Hit@20: 0.8898 | MAP: 0.3195 | MRR: 0.4970
2025-11-21 02:41:51,079 | INFO | Epoch 21 | Train Loss: 0.3533 | Val AUC: 0.7873 | Best AUC: 0.8105 | LR: 0.000063 | Top-K: Precision@5: 0.2861 | Recall@5: 0.2138 | NDCG@5: 0.3338 | Hit@5: 0.6805 | Precision@10: 0.2454 | Recall@10: 0.3399 | NDCG@10: 0.3566 | Hit@10: 0.8030 | Precision@20: 0.2001 | Recall@20: 0.5128 | NDCG@20: 0.4065 | Hit@20: 0.8868 | MAP: 0.3189 | MRR: 0.4969
2025-11-21 02:43:32,838 | INFO | Epoch 22 | Train Loss: 0.3511 | Val AUC: 0.7871 | Best AUC: 0.8105 | LR: 0.000063 | Top-K: Precision@5: 0.2852 | Recall@5: 0.2136 | NDCG@5: 0.3331 | Hit@5: 0.6812 | Precision@10: 0.2444 | Recall@10: 0.3410 | NDCG@10: 0.3557 | Hit@10: 0.8069 | Precision@20: 0.1997 | Recall@20: 0.5112 | NDCG@20: 0.4049 | Hit@20: 0.8877 | MAP: 0.3170 | MRR: 0.4972
2025-11-21 02:43:32,839 | INFO | 📉 Learning rate reduced from 0.000063 to 0.000031
2025-11-21 02:45:15,553 | INFO | Epoch 23 | Train Loss: 0.3436 | Val AUC: 0.7860 | Best AUC: 0.8105 | LR: 0.000031 | Top-K: Precision@5: 0.2831 | Recall@5: 0.2133 | NDCG@5: 0.3326 | Hit@5: 0.6810 | Precision@10: 0.2433 | Recall@10: 0.3373 | NDCG@10: 0.3552 | Hit@10: 0.8010 | Precision@20: 0.1993 | Recall@20: 0.5110 | NDCG@20: 0.4057 | Hit@20: 0.8899 | MAP: 0.3183 | MRR: 0.4990
2025-11-21 02:46:55,262 | INFO | Epoch 24 | Train Loss: 0.3421 | Val AUC: 0.7862 | Best AUC: 0.8105 | LR: 0.000031 | Top-K: Precision@5: 0.2816 | Recall@5: 0.2129 | NDCG@5: 0.3294 | Hit@5: 0.6784 | Precision@10: 0.2422 | Recall@10: 0.3363 | NDCG@10: 0.3522 | Hit@10: 0.8011 | Precision@20: 0.1988 | Recall@20: 0.5098 | NDCG@20: 0.4030 | Hit@20: 0.8898 | MAP: 0.3158 | MRR: 0.4929
2025-11-21 02:48:36,656 | INFO | Epoch 25 | Train Loss: 0.3414 | Val AUC: 0.7852 | Best AUC: 0.8105 | LR: 0.000031 | Top-K: Precision@5: 0.2811 | Recall@5: 0.2108 | NDCG@5: 0.3287 | Hit@5: 0.6781 | Precision@10: 0.2419 | Recall@10: 0.3351 | NDCG@10: 0.3518 | Hit@10: 0.7994 | Precision@20: 0.1986 | Recall@20: 0.5082 | NDCG@20: 0.4023 | Hit@20: 0.8901 | MAP: 0.3150 | MRR: 0.4932
2025-11-21 02:50:21,427 | INFO | Epoch 26 | Train Loss: 0.3398 | Val AUC: 0.7852 | Best AUC: 0.8105 | LR: 0.000031 | Top-K: Precision@5: 0.2802 | Recall@5: 0.2111 | NDCG@5: 0.3290 | Hit@5: 0.6790 | Precision@10: 0.2404 | Recall@10: 0.3342 | NDCG@10: 0.3511 | Hit@10: 0.7989 | Precision@20: 0.1972 | Recall@20: 0.5056 | NDCG@20: 0.4012 | Hit@20: 0.8865 | MAP: 0.3151 | MRR: 0.4953
2025-11-21 02:50:21,427 | INFO | 📉 Learning rate reduced from 0.000031 to 0.000016
2025-11-21 02:52:02,580 | INFO | Epoch 27 | Train Loss: 0.3362 | Val AUC: 0.7848 | Best AUC: 0.8105 | LR: 0.000016 | Top-K: Precision@5: 0.2772 | Recall@5: 0.2081 | NDCG@5: 0.3219 | Hit@5: 0.6743 | Precision@10: 0.2391 | Recall@10: 0.3308 | NDCG@10: 0.3450 | Hit@10: 0.7949 | Precision@20: 0.1978 | Recall@20: 0.5083 | NDCG@20: 0.3976 | Hit@20: 0.8892 | MAP: 0.3099 | MRR: 0.4844
2025-11-21 02:53:40,726 | INFO | Epoch 28 | Train Loss: 0.3346 | Val AUC: 0.7843 | Best AUC: 0.8105 | LR: 0.000016 | Top-K: Precision@5: 0.2812 | Recall@5: 0.2103 | NDCG@5: 0.3278 | Hit@5: 0.6765 | Precision@10: 0.2403 | Recall@10: 0.3354 | NDCG@10: 0.3499 | Hit@10: 0.8003 | Precision@20: 0.1982 | Recall@20: 0.5096 | NDCG@20: 0.4011 | Hit@20: 0.8889 | MAP: 0.3135 | MRR: 0.4910
2025-11-21 02:55:22,849 | INFO | Epoch 29 | Train Loss: 0.3348 | Val AUC: 0.7840 | Best AUC: 0.8105 | LR: 0.000016 | Top-K: Precision@5: 0.2778 | Recall@5: 0.2088 | NDCG@5: 0.3256 | Hit@5: 0.6757 | Precision@10: 0.2393 | Recall@10: 0.3313 | NDCG@10: 0.3484 | Hit@10: 0.7973 | Precision@20: 0.1969 | Recall@20: 0.5059 | NDCG@20: 0.3994 | Hit@20: 0.8887 | MAP: 0.3133 | MRR: 0.4913
2025-11-21 02:57:06,205 | INFO | Epoch 30 | Train Loss: 0.3342 | Val AUC: 0.7841 | Best AUC: 0.8105 | LR: 0.000016 | Top-K: Precision@5: 0.2772 | Recall@5: 0.2055 | NDCG@5: 0.3224 | Hit@5: 0.6739 | Precision@10: 0.2405 | Recall@10: 0.3333 | NDCG@10: 0.3473 | Hit@10: 0.7979 | Precision@20: 0.1980 | Recall@20: 0.5060 | NDCG@20: 0.3979 | Hit@20: 0.8884 | MAP: 0.3114 | MRR: 0.4854
2025-11-21 02:57:06,206 | INFO | 📉 Learning rate reduced from 0.000016 to 0.000008
2025-11-21 02:57:06,206 | INFO | Training finished. Best AUC=0.8105
