2025-11-20 18:26:44,562 | INFO | Logging to: logs\text_model_fast\train_20251120_182644.log
2025-11-20 18:26:44,562 | INFO | Using device: cuda
2025-11-20 18:26:44,562 | INFO | Model: TextModel | input_dim: 384 | proj_dim: 256 | num_users: 6040 | dropout_rate: 0.3 | epochs: 15 | lr: 0.0005
2025-11-20 18:28:34,945 | INFO | Epoch 01 | Train Loss: 0.6536 | Val AUC: 0.7703 | Best AUC: 0.0000 | LR: 0.000500 | Top-K: Precision@5: 0.2205 | Recall@5: 0.1592 | NDCG@5: 0.2491 | Precision@10: 0.2008 | Recall@10: 0.2715 | NDCG@10: 0.2763 | Precision@20: 0.1713 | Recall@20: 0.4316 | NDCG@20: 0.3261 | MAP: 0.2644 | MRR: 0.3802
2025-11-20 18:28:34,953 | INFO | ✅ New best model saved at model\best_model_text_model.pth with AUC=0.7703
2025-11-20 18:30:22,857 | INFO | Epoch 02 | Train Loss: 0.5518 | Val AUC: 0.7916 | Best AUC: 0.7703 | LR: 0.000500 | Top-K: Precision@5: 0.2204 | Recall@5: 0.1582 | NDCG@5: 0.2497 | Precision@10: 0.1989 | Recall@10: 0.2691 | NDCG@10: 0.2755 | Precision@20: 0.1731 | Recall@20: 0.4419 | NDCG@20: 0.3301 | MAP: 0.2689 | MRR: 0.3818
2025-11-20 18:30:22,864 | INFO | ✅ New best model saved at model\best_model_text_model.pth with AUC=0.7916
2025-11-20 18:32:12,007 | INFO | Epoch 03 | Train Loss: 0.5305 | Val AUC: 0.8013 | Best AUC: 0.7916 | LR: 0.000500 | Top-K: Precision@5: 0.2584 | Recall@5: 0.1889 | NDCG@5: 0.2950 | Precision@10: 0.2272 | Recall@10: 0.3126 | NDCG@10: 0.3207 | Precision@20: 0.1919 | Recall@20: 0.4933 | NDCG@20: 0.3764 | MAP: 0.3016 | MRR: 0.4355
2025-11-20 18:32:12,013 | INFO | ✅ New best model saved at model\best_model_text_model.pth with AUC=0.8013
2025-11-20 18:34:00,732 | INFO | Epoch 04 | Train Loss: 0.5146 | Val AUC: 0.8065 | Best AUC: 0.8013 | LR: 0.000500 | Top-K: Precision@5: 0.2754 | Recall@5: 0.2050 | NDCG@5: 0.3187 | Precision@10: 0.2402 | Recall@10: 0.3344 | NDCG@10: 0.3449 | Precision@20: 0.1984 | Recall@20: 0.5082 | NDCG@20: 0.3973 | MAP: 0.3191 | MRR: 0.4676
2025-11-20 18:34:00,739 | INFO | ✅ New best model saved at model\best_model_text_model.pth with AUC=0.8065
2025-11-20 18:35:40,042 | INFO | Epoch 05 | Train Loss: 0.5033 | Val AUC: 0.8084 | Best AUC: 0.8065 | LR: 0.000500 | Top-K: Precision@5: 0.2880 | Recall@5: 0.2133 | NDCG@5: 0.3345 | Precision@10: 0.2493 | Recall@10: 0.3469 | NDCG@10: 0.3608 | Precision@20: 0.2024 | Recall@20: 0.5227 | NDCG@20: 0.4122 | MAP: 0.3308 | MRR: 0.4861
2025-11-20 18:35:40,047 | INFO | ✅ New best model saved at model\best_model_text_model.pth with AUC=0.8084
2025-11-20 18:37:20,053 | INFO | Epoch 06 | Train Loss: 0.4929 | Val AUC: 0.8093 | Best AUC: 0.8084 | LR: 0.000500 | Top-K: Precision@5: 0.2928 | Recall@5: 0.2186 | NDCG@5: 0.3409 | Precision@10: 0.2517 | Recall@10: 0.3489 | NDCG@10: 0.3650 | Precision@20: 0.2074 | Recall@20: 0.5295 | NDCG@20: 0.4191 | MAP: 0.3354 | MRR: 0.4936
2025-11-20 18:37:20,060 | INFO | ✅ New best model saved at model\best_model_text_model.pth with AUC=0.8093
2025-11-20 18:38:51,632 | INFO | Epoch 07 | Train Loss: 0.4833 | Val AUC: 0.8096 | Best AUC: 0.8093 | LR: 0.000500 | Top-K: Precision@5: 0.3018 | Recall@5: 0.2261 | NDCG@5: 0.3524 | Precision@10: 0.2566 | Recall@10: 0.3571 | NDCG@10: 0.3746 | Precision@20: 0.2084 | Recall@20: 0.5327 | NDCG@20: 0.4260 | MAP: 0.3408 | MRR: 0.5059
2025-11-20 18:38:51,638 | INFO | ✅ New best model saved at model\best_model_text_model.pth with AUC=0.8096
2025-11-20 18:40:26,892 | INFO | Epoch 08 | Train Loss: 0.4745 | Val AUC: 0.8103 | Best AUC: 0.8096 | LR: 0.000500 | Top-K: Precision@5: 0.3120 | Recall@5: 0.2392 | NDCG@5: 0.3649 | Precision@10: 0.2671 | Recall@10: 0.3740 | NDCG@10: 0.3899 | Precision@20: 0.2142 | Recall@20: 0.5505 | NDCG@20: 0.4406 | MAP: 0.3512 | MRR: 0.5193
2025-11-20 18:40:26,897 | INFO | ✅ New best model saved at model\best_model_text_model.pth with AUC=0.8103
2025-11-20 18:42:05,805 | INFO | Epoch 09 | Train Loss: 0.4656 | Val AUC: 0.8089 | Best AUC: 0.8103 | LR: 0.000500 | Top-K: Precision@5: 0.3079 | Recall@5: 0.2375 | NDCG@5: 0.3623 | Precision@10: 0.2637 | Recall@10: 0.3712 | NDCG@10: 0.3871 | Precision@20: 0.2117 | Recall@20: 0.5450 | NDCG@20: 0.4372 | MAP: 0.3485 | MRR: 0.5208
2025-11-20 18:43:21,591 | INFO | Epoch 10 | Train Loss: 0.4570 | Val AUC: 0.8079 | Best AUC: 0.8103 | LR: 0.000500 | Top-K: Precision@5: 0.3060 | Recall@5: 0.2322 | NDCG@5: 0.3587 | Precision@10: 0.2559 | Recall@10: 0.3559 | NDCG@10: 0.3772 | Precision@20: 0.2069 | Recall@20: 0.5291 | NDCG@20: 0.4272 | MAP: 0.3403 | MRR: 0.5170
2025-11-20 18:44:46,193 | INFO | Epoch 11 | Train Loss: 0.4494 | Val AUC: 0.8058 | Best AUC: 0.8103 | LR: 0.000500 | Top-K: Precision@5: 0.3057 | Recall@5: 0.2336 | NDCG@5: 0.3621 | Precision@10: 0.2595 | Recall@10: 0.3630 | NDCG@10: 0.3839 | Precision@20: 0.2096 | Recall@20: 0.5381 | NDCG@20: 0.4343 | MAP: 0.3446 | MRR: 0.5259
2025-11-20 18:46:03,778 | INFO | Epoch 12 | Train Loss: 0.4419 | Val AUC: 0.8074 | Best AUC: 0.8103 | LR: 0.000500 | Top-K: Precision@5: 0.3116 | Recall@5: 0.2354 | NDCG@5: 0.3669 | Precision@10: 0.2653 | Recall@10: 0.3703 | NDCG@10: 0.3905 | Precision@20: 0.2124 | Recall@20: 0.5429 | NDCG@20: 0.4396 | MAP: 0.3495 | MRR: 0.5289
2025-11-20 18:46:03,779 | INFO | 📉 Learning rate reduced from 0.000500 to 0.000250
2025-11-20 18:47:22,523 | INFO | Epoch 13 | Train Loss: 0.4140 | Val AUC: 0.8003 | Best AUC: 0.8103 | LR: 0.000250 | Top-K: Precision@5: 0.3003 | Recall@5: 0.2262 | NDCG@5: 0.3546 | Precision@10: 0.2583 | Recall@10: 0.3586 | NDCG@10: 0.3787 | Precision@20: 0.2076 | Recall@20: 0.5319 | NDCG@20: 0.4279 | MAP: 0.3372 | MRR: 0.5220
2025-11-20 18:48:51,173 | INFO | Epoch 14 | Train Loss: 0.4050 | Val AUC: 0.7994 | Best AUC: 0.8103 | LR: 0.000250 | Top-K: Precision@5: 0.2973 | Recall@5: 0.2255 | NDCG@5: 0.3510 | Precision@10: 0.2555 | Recall@10: 0.3583 | NDCG@10: 0.3755 | Precision@20: 0.2061 | Recall@20: 0.5305 | NDCG@20: 0.4249 | MAP: 0.3344 | MRR: 0.5196
