2025-11-20 18:57:43,685 | INFO | Logging to: logs\text_model_fast\train_20251120_185743.log
2025-11-20 18:57:43,686 | INFO | Using device: cuda
2025-11-20 18:57:43,686 | INFO | Model: TextModel | input_dim: 384 | proj_dim: 256 | num_users: 6040 | dropout_rate: 0.3 | epochs: 15 | lr: 0.0005
2025-11-20 18:59:18,999 | INFO | Epoch 01 | Train Loss: 0.6584 | Val AUC: 0.7678 | Best AUC: 0.0000 | LR: 0.000500 | Top-K: Precision@5: 0.2084 | Recall@5: 0.1476 | NDCG@5: 0.2372 | Hit@5: 0.5106 | Precision@10: 0.1901 | Recall@10: 0.2577 | NDCG@10: 0.2629 | Hit@10: 0.6485 | Precision@20: 0.1664 | Recall@20: 0.4236 | NDCG@20: 0.3159 | Hit@20: 0.7790 | MAP: 0.2563 | MRR: 0.3707
2025-11-20 18:59:19,005 | INFO | ✅ New best model saved at model\best_model_text_model.pth with AUC=0.7678
2025-11-20 19:00:46,917 | INFO | Epoch 02 | Train Loss: 0.5535 | Val AUC: 0.7910 | Best AUC: 0.7678 | LR: 0.000500 | Top-K: Precision@5: 0.2288 | Recall@5: 0.1670 | NDCG@5: 0.2589 | Hit@5: 0.5485 | Precision@10: 0.2084 | Recall@10: 0.2840 | NDCG@10: 0.2878 | Hit@10: 0.6751 | Precision@20: 0.1811 | Recall@20: 0.4605 | NDCG@20: 0.3443 | Hit@20: 0.8086 | MAP: 0.2786 | MRR: 0.3904
2025-11-20 19:00:46,922 | INFO | ✅ New best model saved at model\best_model_text_model.pth with AUC=0.7910
2025-11-20 19:02:20,022 | INFO | Epoch 03 | Train Loss: 0.5324 | Val AUC: 0.7998 | Best AUC: 0.7910 | LR: 0.000500 | Top-K: Precision@5: 0.2570 | Recall@5: 0.1888 | NDCG@5: 0.2943 | Hit@5: 0.5966 | Precision@10: 0.2303 | Recall@10: 0.3158 | NDCG@10: 0.3235 | Hit@10: 0.7304 | Precision@20: 0.1933 | Recall@20: 0.4933 | NDCG@20: 0.3783 | Hit@20: 0.8392 | MAP: 0.3030 | MRR: 0.4365
2025-11-20 19:02:20,027 | INFO | ✅ New best model saved at model\best_model_text_model.pth with AUC=0.7998
2025-11-20 19:03:51,918 | INFO | Epoch 04 | Train Loss: 0.5159 | Val AUC: 0.8050 | Best AUC: 0.7998 | LR: 0.000500 | Top-K: Precision@5: 0.2871 | Recall@5: 0.2157 | NDCG@5: 0.3338 | Hit@5: 0.6391 | Precision@10: 0.2494 | Recall@10: 0.3472 | NDCG@10: 0.3602 | Hit@10: 0.7632 | Precision@20: 0.2043 | Recall@20: 0.5233 | NDCG@20: 0.4128 | Hit@20: 0.8591 | MAP: 0.3320 | MRR: 0.4805
2025-11-20 19:03:51,923 | INFO | ✅ New best model saved at model\best_model_text_model.pth with AUC=0.8050
2025-11-20 19:05:13,892 | INFO | Epoch 05 | Train Loss: 0.5042 | Val AUC: 0.8096 | Best AUC: 0.8050 | LR: 0.000500 | Top-K: Precision@5: 0.2855 | Recall@5: 0.2131 | NDCG@5: 0.3312 | Hit@5: 0.6428 | Precision@10: 0.2486 | Recall@10: 0.3466 | NDCG@10: 0.3581 | Hit@10: 0.7653 | Precision@20: 0.2035 | Recall@20: 0.5224 | NDCG@20: 0.4105 | Hit@20: 0.8622 | MAP: 0.3290 | MRR: 0.4776
2025-11-20 19:05:13,897 | INFO | ✅ New best model saved at model\best_model_text_model.pth with AUC=0.8096
2025-11-20 19:06:48,028 | INFO | Epoch 06 | Train Loss: 0.4945 | Val AUC: 0.8104 | Best AUC: 0.8096 | LR: 0.000500 | Top-K: Precision@5: 0.2964 | Recall@5: 0.2210 | NDCG@5: 0.3466 | Hit@5: 0.6630 | Precision@10: 0.2562 | Recall@10: 0.3541 | NDCG@10: 0.3719 | Hit@10: 0.7809 | Precision@20: 0.2082 | Recall@20: 0.5286 | NDCG@20: 0.4230 | Hit@20: 0.8690 | MAP: 0.3393 | MRR: 0.5006
2025-11-20 19:06:48,034 | INFO | ✅ New best model saved at model\best_model_text_model.pth with AUC=0.8104
2025-11-20 19:08:39,210 | INFO | Epoch 07 | Train Loss: 0.4853 | Val AUC: 0.8104 | Best AUC: 0.8104 | LR: 0.000500 | Top-K: Precision@5: 0.3003 | Recall@5: 0.2257 | NDCG@5: 0.3523 | Hit@5: 0.6727 | Precision@10: 0.2567 | Recall@10: 0.3580 | NDCG@10: 0.3756 | Hit@10: 0.7837 | Precision@20: 0.2089 | Recall@20: 0.5361 | NDCG@20: 0.4278 | Hit@20: 0.8778 | MAP: 0.3421 | MRR: 0.5072
2025-11-20 19:10:28,595 | INFO | Epoch 08 | Train Loss: 0.4768 | Val AUC: 0.8098 | Best AUC: 0.8104 | LR: 0.000500 | Top-K: Precision@5: 0.3100 | Recall@5: 0.2337 | NDCG@5: 0.3633 | Hit@5: 0.6864 | Precision@10: 0.2636 | Recall@10: 0.3695 | NDCG@10: 0.3871 | Hit@10: 0.7987 | Precision@20: 0.2113 | Recall@20: 0.5388 | NDCG@20: 0.4356 | Hit@20: 0.8813 | MAP: 0.3485 | MRR: 0.5198
2025-11-20 19:12:15,130 | INFO | Epoch 09 | Train Loss: 0.4684 | Val AUC: 0.8084 | Best AUC: 0.8104 | LR: 0.000500 | Top-K: Precision@5: 0.3110 | Recall@5: 0.2343 | NDCG@5: 0.3638 | Hit@5: 0.6904 | Precision@10: 0.2643 | Recall@10: 0.3675 | NDCG@10: 0.3860 | Hit@10: 0.7975 | Precision@20: 0.2120 | Recall@20: 0.5397 | NDCG@20: 0.4350 | Hit@20: 0.8859 | MAP: 0.3467 | MRR: 0.5205
2025-11-20 19:13:57,922 | INFO | Epoch 10 | Train Loss: 0.4610 | Val AUC: 0.8080 | Best AUC: 0.8104 | LR: 0.000500 | Top-K: Precision@5: 0.3034 | Recall@5: 0.2279 | NDCG@5: 0.3547 | Hit@5: 0.6805 | Precision@10: 0.2599 | Recall@10: 0.3638 | NDCG@10: 0.3794 | Hit@10: 0.7982 | Precision@20: 0.2078 | Recall@20: 0.5316 | NDCG@20: 0.4269 | Hit@20: 0.8834 | MAP: 0.3409 | MRR: 0.5111
2025-11-20 19:13:57,923 | INFO | 📉 Learning rate reduced from 0.000500 to 0.000250
2025-11-20 19:15:51,492 | INFO | Epoch 11 | Train Loss: 0.4342 | Val AUC: 0.8047 | Best AUC: 0.8104 | LR: 0.000250 | Top-K: Precision@5: 0.3024 | Recall@5: 0.2300 | NDCG@5: 0.3543 | Hit@5: 0.6871 | Precision@10: 0.2579 | Recall@10: 0.3605 | NDCG@10: 0.3773 | Hit@10: 0.8008 | Precision@20: 0.2084 | Recall@20: 0.5328 | NDCG@20: 0.4272 | Hit@20: 0.8887 | MAP: 0.3392 | MRR: 0.5122
2025-11-20 19:17:49,790 | INFO | Epoch 12 | Train Loss: 0.4253 | Val AUC: 0.8033 | Best AUC: 0.8104 | LR: 0.000250 | Top-K: Precision@5: 0.3097 | Recall@5: 0.2344 | NDCG@5: 0.3633 | Hit@5: 0.6976 | Precision@10: 0.2613 | Recall@10: 0.3630 | NDCG@10: 0.3838 | Hit@10: 0.8079 | Precision@20: 0.2099 | Recall@20: 0.5354 | NDCG@20: 0.4330 | Hit@20: 0.8911 | MAP: 0.3438 | MRR: 0.5245
2025-11-20 19:19:38,083 | INFO | Epoch 13 | Train Loss: 0.4187 | Val AUC: 0.8029 | Best AUC: 0.8104 | LR: 0.000250 | Top-K: Precision@5: 0.3073 | Recall@5: 0.2333 | NDCG@5: 0.3620 | Hit@5: 0.7001 | Precision@10: 0.2587 | Recall@10: 0.3628 | NDCG@10: 0.3821 | Hit@10: 0.8093 | Precision@20: 0.2085 | Recall@20: 0.5346 | NDCG@20: 0.4315 | Hit@20: 0.8936 | MAP: 0.3418 | MRR: 0.5236
2025-11-20 19:21:31,295 | INFO | Epoch 14 | Train Loss: 0.4124 | Val AUC: 0.7985 | Best AUC: 0.8104 | LR: 0.000250 | Top-K: Precision@5: 0.3030 | Recall@5: 0.2297 | NDCG@5: 0.3553 | Hit@5: 0.6931 | Precision@10: 0.2558 | Recall@10: 0.3577 | NDCG@10: 0.3762 | Hit@10: 0.8069 | Precision@20: 0.2077 | Recall@20: 0.5334 | NDCG@20: 0.4271 | Hit@20: 0.8948 | MAP: 0.3374 | MRR: 0.5157
2025-11-20 19:21:31,295 | INFO | 📉 Learning rate reduced from 0.000250 to 0.000125
2025-11-20 19:23:01,838 | INFO | Epoch 15 | Train Loss: 0.3929 | Val AUC: 0.7970 | Best AUC: 0.8104 | LR: 0.000125 | Top-K: Precision@5: 0.2975 | Recall@5: 0.2248 | NDCG@5: 0.3497 | Hit@5: 0.6854 | Precision@10: 0.2519 | Recall@10: 0.3531 | NDCG@10: 0.3707 | Hit@10: 0.8056 | Precision@20: 0.2048 | Recall@20: 0.5246 | NDCG@20: 0.4205 | Hit@20: 0.8918 | MAP: 0.3327 | MRR: 0.5098
2025-11-20 19:23:01,838 | INFO | Training finished. Best AUC=0.8104
