2025-11-20 17:57:30,952 | INFO | Logging to: logs\text_model_fast\train_20251120_175730.log
2025-11-20 17:57:30,952 | INFO | Using device: cuda
2025-11-20 17:57:30,953 | INFO | Model: TextModel | input_dim: 384 | proj_dim: 256 | num_users: 6040 | dropout_rate: 0.3 | epochs: 15 | lr: 0.0005
2025-11-20 17:58:55,660 | INFO | Epoch 01 | Train Loss: 0.6553 | Val AUC: 0.7711 | Best AUC: 0.0000 | LR: 0.000500 | Top-K: Precision@5: 0.2112 | Recall@5: 0.1512 | NDCG@5: 0.2360 | Precision@10: 0.1954 | Recall@10: 0.2658 | NDCG@10: 0.2657 | Precision@20: 0.1696 | Recall@20: 0.4282 | NDCG@20: 0.3181 | MAP: 1.0000 | MRR: 1.0000
2025-11-20 17:58:55,674 | INFO | ✅ New best model saved at model\best_model_text_model.pth with AUC=0.7711
2025-11-20 18:00:17,982 | INFO | Epoch 02 | Train Loss: 0.5514 | Val AUC: 0.7889 | Best AUC: 0.7711 | LR: 0.000500 | Top-K: Precision@5: 0.2280 | Recall@5: 0.1643 | NDCG@5: 0.2621 | Precision@10: 0.2037 | Recall@10: 0.2759 | NDCG@10: 0.2862 | Precision@20: 0.1753 | Recall@20: 0.4408 | NDCG@20: 0.3379 | MAP: 1.0000 | MRR: 1.0000
2025-11-20 18:00:17,988 | INFO | ✅ New best model saved at model\best_model_text_model.pth with AUC=0.7889
2025-11-20 18:02:09,476 | INFO | Epoch 03 | Train Loss: 0.5296 | Val AUC: 0.8018 | Best AUC: 0.7889 | LR: 0.000500 | Top-K: Precision@5: 0.2730 | Recall@5: 0.2011 | NDCG@5: 0.3131 | Precision@10: 0.2385 | Recall@10: 0.3275 | NDCG@10: 0.3382 | Precision@20: 0.1976 | Recall@20: 0.5010 | NDCG@20: 0.3903 | MAP: 1.0000 | MRR: 1.0000
2025-11-20 18:02:09,482 | INFO | ✅ New best model saved at model\best_model_text_model.pth with AUC=0.8018
2025-11-20 18:04:00,971 | INFO | Epoch 04 | Train Loss: 0.5132 | Val AUC: 0.8075 | Best AUC: 0.8018 | LR: 0.000500 | Top-K: Precision@5: 0.2814 | Recall@5: 0.2102 | NDCG@5: 0.3262 | Precision@10: 0.2428 | Recall@10: 0.3367 | NDCG@10: 0.3503 | Precision@20: 0.1998 | Recall@20: 0.5124 | NDCG@20: 0.4029 | MAP: 1.0000 | MRR: 1.0000
2025-11-20 18:04:00,977 | INFO | ✅ New best model saved at model\best_model_text_model.pth with AUC=0.8075
2025-11-20 18:05:45,804 | INFO | Epoch 05 | Train Loss: 0.5015 | Val AUC: 0.8095 | Best AUC: 0.8075 | LR: 0.000500 | Top-K: Precision@5: 0.2917 | Recall@5: 0.2187 | NDCG@5: 0.3394 | Precision@10: 0.2517 | Recall@10: 0.3495 | NDCG@10: 0.3645 | Precision@20: 0.2062 | Recall@20: 0.5274 | NDCG@20: 0.4175 | MAP: 1.0000 | MRR: 1.0000
2025-11-20 18:05:45,809 | INFO | ✅ New best model saved at model\best_model_text_model.pth with AUC=0.8095
2025-11-20 18:07:29,428 | INFO | Epoch 06 | Train Loss: 0.4918 | Val AUC: 0.8096 | Best AUC: 0.8095 | LR: 0.000500 | Top-K: Precision@5: 0.2938 | Recall@5: 0.2204 | NDCG@5: 0.3424 | Precision@10: 0.2551 | Recall@10: 0.3554 | NDCG@10: 0.3691 | Precision@20: 0.2074 | Recall@20: 0.5311 | NDCG@20: 0.4206 | MAP: 1.0000 | MRR: 1.0000
2025-11-20 18:07:29,434 | INFO | ✅ New best model saved at model\best_model_text_model.pth with AUC=0.8096
2025-11-20 18:09:21,541 | INFO | Epoch 07 | Train Loss: 0.4822 | Val AUC: 0.8101 | Best AUC: 0.8096 | LR: 0.000500 | Top-K: Precision@5: 0.3104 | Recall@5: 0.2395 | NDCG@5: 0.3654 | Precision@10: 0.2650 | Recall@10: 0.3738 | NDCG@10: 0.3902 | Precision@20: 0.2119 | Recall@20: 0.5473 | NDCG@20: 0.4402 | MAP: 1.0000 | MRR: 1.0000
2025-11-20 18:09:21,547 | INFO | ✅ New best model saved at model\best_model_text_model.pth with AUC=0.8101
2025-11-20 18:11:13,455 | INFO | Epoch 08 | Train Loss: 0.4738 | Val AUC: 0.8108 | Best AUC: 0.8101 | LR: 0.000500 | Top-K: Precision@5: 0.3080 | Recall@5: 0.2338 | NDCG@5: 0.3604 | Precision@10: 0.2626 | Recall@10: 0.3671 | NDCG@10: 0.3842 | Precision@20: 0.2119 | Recall@20: 0.5436 | NDCG@20: 0.4351 | MAP: 1.0000 | MRR: 1.0000
2025-11-20 18:11:13,461 | INFO | ✅ New best model saved at model\best_model_text_model.pth with AUC=0.8108
2025-11-20 18:13:06,048 | INFO | Epoch 09 | Train Loss: 0.4649 | Val AUC: 0.8098 | Best AUC: 0.8108 | LR: 0.000500 | Top-K: Precision@5: 0.3122 | Recall@5: 0.2393 | NDCG@5: 0.3668 | Precision@10: 0.2649 | Recall@10: 0.3717 | NDCG@10: 0.3896 | Precision@20: 0.2120 | Recall@20: 0.5447 | NDCG@20: 0.4387 | MAP: 1.0000 | MRR: 1.0000
2025-11-20 18:14:46,393 | INFO | Epoch 10 | Train Loss: 0.4565 | Val AUC: 0.8091 | Best AUC: 0.8108 | LR: 0.000500 | Top-K: Precision@5: 0.3020 | Recall@5: 0.2313 | NDCG@5: 0.3573 | Precision@10: 0.2567 | Recall@10: 0.3604 | NDCG@10: 0.3792 | Precision@20: 0.2074 | Recall@20: 0.5345 | NDCG@20: 0.4296 | MAP: 1.0000 | MRR: 1.0000
2025-11-20 18:16:26,471 | INFO | Epoch 11 | Train Loss: 0.4486 | Val AUC: 0.8065 | Best AUC: 0.8108 | LR: 0.000500 | Top-K: Precision@5: 0.3158 | Recall@5: 0.2422 | NDCG@5: 0.3726 | Precision@10: 0.2658 | Recall@10: 0.3745 | NDCG@10: 0.3941 | Precision@20: 0.2125 | Recall@20: 0.5466 | NDCG@20: 0.4427 | MAP: 1.0000 | MRR: 1.0000
2025-11-20 18:18:06,930 | INFO | Epoch 12 | Train Loss: 0.4410 | Val AUC: 0.8057 | Best AUC: 0.8108 | LR: 0.000500 | Top-K: Precision@5: 0.3127 | Recall@5: 0.2374 | NDCG@5: 0.3676 | Precision@10: 0.2619 | Recall@10: 0.3680 | NDCG@10: 0.3878 | Precision@20: 0.2097 | Recall@20: 0.5381 | NDCG@20: 0.4359 | MAP: 1.0000 | MRR: 1.0000
2025-11-20 18:18:06,931 | INFO | 📉 Learning rate reduced from 0.000500 to 0.000250
2025-11-20 18:19:51,109 | INFO | Epoch 13 | Train Loss: 0.4132 | Val AUC: 0.8019 | Best AUC: 0.8108 | LR: 0.000250 | Top-K: Precision@5: 0.3097 | Recall@5: 0.2362 | NDCG@5: 0.3667 | Precision@10: 0.2594 | Recall@10: 0.3637 | NDCG@10: 0.3858 | Precision@20: 0.2084 | Recall@20: 0.5354 | NDCG@20: 0.4343 | MAP: 1.0000 | MRR: 1.0000
2025-11-20 18:21:32,160 | INFO | Epoch 14 | Train Loss: 0.4036 | Val AUC: 0.7992 | Best AUC: 0.8108 | LR: 0.000250 | Top-K: Precision@5: 0.3101 | Recall@5: 0.2389 | NDCG@5: 0.3682 | Precision@10: 0.2601 | Recall@10: 0.3661 | NDCG@10: 0.3879 | Precision@20: 0.2064 | Recall@20: 0.5315 | NDCG@20: 0.4338 | MAP: 1.0000 | MRR: 1.0000
2025-11-20 18:23:11,518 | INFO | Epoch 15 | Train Loss: 0.3977 | Val AUC: 0.7963 | Best AUC: 0.8108 | LR: 0.000250 | Top-K: Precision@5: 0.3099 | Recall@5: 0.2355 | NDCG@5: 0.3673 | Precision@10: 0.2596 | Recall@10: 0.3643 | NDCG@10: 0.3865 | Precision@20: 0.2062 | Recall@20: 0.5293 | NDCG@20: 0.4320 | MAP: 1.0000 | MRR: 1.0000
2025-11-20 18:23:11,518 | INFO | Training finished. Best AUC=0.8108
