2025-11-21 01:02:00,129 | INFO | Logging to: logs\image_model\train_20251121_010200.log
2025-11-21 01:02:00,130 | INFO | ImageModel | input_dim=512 | proj_dim=256 | num_users=6040 | dropout=0.300 | epochs=30 | lr=0.000500
2025-11-21 01:04:08,599 | INFO | Epoch 01 | Train Loss: 0.6435 | Val AUC: 0.7749 | Best AUC: 0.0000 | LR: 0.000500 | Top-K: Precision@5: 0.1948 | Recall@5: 0.1385 | NDCG@5: 0.2226 | Hit@5: 0.4960 | Precision@10: 0.1671 | Recall@10: 0.2238 | NDCG@10: 0.2368 | Hit@10: 0.6094 | Precision@20: 0.1454 | Recall@20: 0.3692 | NDCG@20: 0.2818 | Hit@20: 0.7475 | MAP: 0.2313 | MRR: 0.3544
2025-11-21 01:04:08,609 | INFO | New best model saved at model\best_model_image_tower.pth
2025-11-21 01:06:17,788 | INFO | Epoch 02 | Train Loss: 0.5486 | Val AUC: 0.7923 | Best AUC: 0.7749 | LR: 0.000500 | Top-K: Precision@5: 0.2252 | Recall@5: 0.1639 | NDCG@5: 0.2593 | Hit@5: 0.5481 | Precision@10: 0.1969 | Recall@10: 0.2658 | NDCG@10: 0.2791 | Hit@10: 0.6653 | Precision@20: 0.1629 | Recall@20: 0.4141 | NDCG@20: 0.3225 | Hit@20: 0.7875 | MAP: 0.2602 | MRR: 0.3997
2025-11-21 01:06:17,794 | INFO | New best model saved at model\best_model_image_tower.pth
2025-11-21 01:08:24,554 | INFO | Epoch 03 | Train Loss: 0.5336 | Val AUC: 0.7993 | Best AUC: 0.7923 | LR: 0.000500 | Top-K: Precision@5: 0.2532 | Recall@5: 0.1857 | NDCG@5: 0.2921 | Hit@5: 0.5955 | Precision@10: 0.2195 | Recall@10: 0.3018 | NDCG@10: 0.3141 | Hit@10: 0.7141 | Precision@20: 0.1818 | Recall@20: 0.4673 | NDCG@20: 0.3638 | Hit@20: 0.8347 | MAP: 0.2893 | MRR: 0.4376
2025-11-21 01:08:24,560 | INFO | New best model saved at model\best_model_image_tower.pth
2025-11-21 01:10:31,681 | INFO | Epoch 04 | Train Loss: 0.5233 | Val AUC: 0.8024 | Best AUC: 0.7993 | LR: 0.000500 | Top-K: Precision@5: 0.2445 | Recall@5: 0.1787 | NDCG@5: 0.2824 | Hit@5: 0.5810 | Precision@10: 0.2111 | Recall@10: 0.2880 | NDCG@10: 0.3025 | Hit@10: 0.7027 | Precision@20: 0.1749 | Recall@20: 0.4452 | NDCG@20: 0.3494 | Hit@20: 0.8162 | MAP: 0.2797 | MRR: 0.4275
2025-11-21 01:10:31,687 | INFO | New best model saved at model\best_model_image_tower.pth
2025-11-21 01:12:39,211 | INFO | Epoch 05 | Train Loss: 0.5153 | Val AUC: 0.8055 | Best AUC: 0.8024 | LR: 0.000500 | Top-K: Precision@5: 0.2495 | Recall@5: 0.1833 | NDCG@5: 0.2874 | Hit@5: 0.5981 | Precision@10: 0.2199 | Recall@10: 0.3032 | NDCG@10: 0.3127 | Hit@10: 0.7295 | Precision@20: 0.1842 | Recall@20: 0.4727 | NDCG@20: 0.3649 | Hit@20: 0.8394 | MAP: 0.2892 | MRR: 0.4340
2025-11-21 01:12:39,217 | INFO | New best model saved at model\best_model_image_tower.pth
2025-11-21 01:14:47,079 | INFO | Epoch 06 | Train Loss: 0.5088 | Val AUC: 0.8053 | Best AUC: 0.8055 | LR: 0.000500 | Top-K: Precision@5: 0.2734 | Recall@5: 0.2031 | NDCG@5: 0.3161 | Hit@5: 0.6324 | Precision@10: 0.2342 | Recall@10: 0.3256 | NDCG@10: 0.3383 | Hit@10: 0.7549 | Precision@20: 0.1897 | Recall@20: 0.4881 | NDCG@20: 0.3855 | Hit@20: 0.8529 | MAP: 0.3049 | MRR: 0.4670
2025-11-21 01:16:54,098 | INFO | Epoch 07 | Train Loss: 0.5031 | Val AUC: 0.8082 | Best AUC: 0.8055 | LR: 0.000500 | Top-K: Precision@5: 0.2713 | Recall@5: 0.2002 | NDCG@5: 0.3139 | Hit@5: 0.6334 | Precision@10: 0.2347 | Recall@10: 0.3240 | NDCG@10: 0.3375 | Hit@10: 0.7544 | Precision@20: 0.1904 | Recall@20: 0.4863 | NDCG@20: 0.3845 | Hit@20: 0.8486 | MAP: 0.3038 | MRR: 0.4653
2025-11-21 01:16:54,104 | INFO | New best model saved at model\best_model_image_tower.pth
2025-11-21 01:19:03,213 | INFO | Epoch 08 | Train Loss: 0.4979 | Val AUC: 0.8057 | Best AUC: 0.8082 | LR: 0.000500 | Top-K: Precision@5: 0.2812 | Recall@5: 0.2076 | NDCG@5: 0.3269 | Hit@5: 0.6488 | Precision@10: 0.2383 | Recall@10: 0.3306 | NDCG@10: 0.3472 | Hit@10: 0.7627 | Precision@20: 0.1912 | Recall@20: 0.4909 | NDCG@20: 0.3925 | Hit@20: 0.8589 | MAP: 0.3097 | MRR: 0.4844
2025-11-21 01:21:16,576 | INFO | Epoch 09 | Train Loss: 0.4932 | Val AUC: 0.8064 | Best AUC: 0.8082 | LR: 0.000500 | Top-K: Precision@5: 0.2824 | Recall@5: 0.2069 | NDCG@5: 0.3291 | Hit@5: 0.6494 | Precision@10: 0.2412 | Recall@10: 0.3319 | NDCG@10: 0.3502 | Hit@10: 0.7629 | Precision@20: 0.1949 | Recall@20: 0.4997 | NDCG@20: 0.3981 | Hit@20: 0.8629 | MAP: 0.3130 | MRR: 0.4866
##2025-11-21 01:23:28,920 | INFO | Epoch 10 | Train Loss: 0.4890 | Val AUC: 0.8084 | Best AUC: 0.8082 | LR: 0.000500 | Top-K: Precision@5: 0.2882 | Recall@5: 0.2166 | NDCG@5: 0.3373 | Hit@5: 0.6632 | Precision@10: 0.2471 | Recall@10: 0.3435 | NDCG@10: 0.3600 | Hit@10: 0.7788 | Precision@20: 0.1976 | Recall@20: 0.5075 | NDCG@20: 0.4064 | Hit@20: 0.8718 | MAP: 0.3194 | MRR: 0.4963
2025-11-21 01:23:28,926 | INFO | New best model saved at model\best_model_image_tower.pth
2025-11-21 01:25:37,590 | INFO | Epoch 11 | Train Loss: 0.4855 | Val AUC: 0.8075 | Best AUC: 0.8084 | LR: 0.000500 | Top-K: Precision@5: 0.2828 | Recall@5: 0.2099 | NDCG@5: 0.3311 | Hit@5: 0.6551 | Precision@10: 0.2400 | Recall@10: 0.3326 | NDCG@10: 0.3513 | Hit@10: 0.7683 | Precision@20: 0.1945 | Recall@20: 0.4990 | NDCG@20: 0.3992 | Hit@20: 0.8622 | MAP: 0.3137 | MRR: 0.4915
2025-11-21 01:27:44,320 | INFO | Epoch 12 | Train Loss: 0.4822 | Val AUC: 0.8075 | Best AUC: 0.8084 | LR: 0.000500 | Top-K: Precision@5: 0.2857 | Recall@5: 0.2111 | NDCG@5: 0.3333 | Hit@5: 0.6627 | Precision@10: 0.2428 | Recall@10: 0.3366 | NDCG@10: 0.3543 | Hit@10: 0.7740 | Precision@20: 0.1948 | Recall@20: 0.4974 | NDCG@20: 0.4000 | Hit@20: 0.8621 | MAP: 0.3148 | MRR: 0.4920
2025-11-21 01:29:51,396 | INFO | Epoch 13 | Train Loss: 0.4794 | Val AUC: 0.8082 | Best AUC: 0.8084 | LR: 0.000500 | Top-K: Precision@5: 0.2893 | Recall@5: 0.2174 | NDCG@5: 0.3377 | Hit@5: 0.6656 | Precision@10: 0.2464 | Recall@10: 0.3460 | NDCG@10: 0.3601 | Hit@10: 0.7818 | Precision@20: 0.1978 | Recall@20: 0.5091 | NDCG@20: 0.4066 | Hit@20: 0.8719 | MAP: 0.3203 | MRR: 0.4930
2025-11-21 01:31:58,792 | INFO | Epoch 14 | Train Loss: 0.4763 | Val AUC: 0.8057 | Best AUC: 0.8084 | LR: 0.000500 | Top-K: Precision@5: 0.2790 | Recall@5: 0.2077 | NDCG@5: 0.3276 | Hit@5: 0.6592 | Precision@10: 0.2367 | Recall@10: 0.3298 | NDCG@10: 0.3476 | Hit@10: 0.7703 | Precision@20: 0.1918 | Recall@20: 0.4961 | NDCG@20: 0.3954 | Hit@20: 0.8643 | MAP: 0.3100 | MRR: 0.4906
2025-11-21 01:31:58,792 | INFO | Learning rate reduced from 0.000500 to 0.000250
2025-11-21 01:34:04,569 | INFO | Epoch 15 | Train Loss: 0.4569 | Val AUC: 0.8055 | Best AUC: 0.8084 | LR: 0.000250 | Top-K: Precision@5: 0.2836 | Recall@5: 0.2139 | NDCG@5: 0.3336 | Hit@5: 0.6710 | Precision@10: 0.2413 | Recall@10: 0.3372 | NDCG@10: 0.3543 | Hit@10: 0.7828 | Precision@20: 0.1932 | Recall@20: 0.4975 | NDCG@20: 0.3992 | Hit@20: 0.8700 | MAP: 0.3123 | MRR: 0.4969
2025-11-21 01:36:13,052 | INFO | Epoch 16 | Train Loss: 0.4514 | Val AUC: 0.8051 | Best AUC: 0.8084 | LR: 0.000250 | Top-K: Precision@5: 0.2891 | Recall@5: 0.2184 | NDCG@5: 0.3420 | Hit@5: 0.6802 | Precision@10: 0.2461 | Recall@10: 0.3466 | NDCG@10: 0.3638 | Hit@10: 0.7928 | Precision@20: 0.1956 | Recall@20: 0.5029 | NDCG@20: 0.4075 | Hit@20: 0.8740 | MAP: 0.3197 | MRR: 0.5092
2025-11-21 01:38:20,698 | INFO | Epoch 17 | Train Loss: 0.4476 | Val AUC: 0.8033 | Best AUC: 0.8084 | LR: 0.000250 | Top-K: Precision@5: 0.2830 | Recall@5: 0.2133 | NDCG@5: 0.3324 | Hit@5: 0.6727 | Precision@10: 0.2391 | Recall@10: 0.3340 | NDCG@10: 0.3515 | Hit@10: 0.7849 | Precision@20: 0.1902 | Recall@20: 0.4888 | NDCG@20: 0.3943 | Hit@20: 0.8652 | MAP: 0.3088 | MRR: 0.4961
2025-11-21 01:40:29,183 | INFO | Epoch 18 | Train Loss: 0.4453 | Val AUC: 0.8026 | Best AUC: 0.8084 | LR: 0.000250 | Top-K: Precision@5: 0.2908 | Recall@5: 0.2195 | NDCG@5: 0.3421 | Hit@5: 0.6859 | Precision@10: 0.2451 | Recall@10: 0.3397 | NDCG@10: 0.3605 | Hit@10: 0.7887 | Precision@20: 0.1951 | Recall@20: 0.4996 | NDCG@20: 0.4048 | Hit@20: 0.8757 | MAP: 0.3173 | MRR: 0.5073
2025-11-21 01:40:29,184 | INFO | Learning rate reduced from 0.000250 to 0.000125
2025-11-21 01:42:37,770 | INFO | Epoch 19 | Train Loss: 0.4305 | Val AUC: 0.8015 | Best AUC: 0.8084 | LR: 0.000125 | Top-K: Precision@5: 0.2845 | Recall@5: 0.2141 | NDCG@5: 0.3360 | Hit@5: 0.6777 | Precision@10: 0.2412 | Recall@10: 0.3358 | NDCG@10: 0.3555 | Hit@10: 0.7878 | Precision@20: 0.1927 | Recall@20: 0.4947 | NDCG@20: 0.3998 | Hit@20: 0.8747 | MAP: 0.3127 | MRR: 0.5030
2025-11-21 01:44:45,099 | INFO | Epoch 20 | Train Loss: 0.4266 | Val AUC: 0.7993 | Best AUC: 0.8084 | LR: 0.000125 | Top-K: Precision@5: 0.2762 | Recall@5: 0.2071 | NDCG@5: 0.3259 | Hit@5: 0.6660 | Precision@10: 0.2346 | Recall@10: 0.3271 | NDCG@10: 0.3456 | Hit@10: 0.7837 | Precision@20: 0.1886 | Recall@20: 0.4846 | NDCG@20: 0.3901 | Hit@20: 0.8705 | MAP: 0.3052 | MRR: 0.4932
2025-11-21 01:46:52,835 | INFO | Epoch 21 | Train Loss: 0.4244 | Val AUC: 0.7989 | Best AUC: 0.8084 | LR: 0.000125 | Top-K: Precision@5: 0.2754 | Recall@5: 0.2065 | NDCG@5: 0.3246 | Hit@5: 0.6620 | Precision@10: 0.2337 | Recall@10: 0.3267 | NDCG@10: 0.3442 | Hit@10: 0.7864 | Precision@20: 0.1885 | Recall@20: 0.4860 | NDCG@20: 0.3894 | Hit@20: 0.8709 | MAP: 0.3037 | MRR: 0.4910
2025-11-21 01:49:00,351 | INFO | Epoch 22 | Train Loss: 0.4219 | Val AUC: 0.7970 | Best AUC: 0.8084 | LR: 0.000125 | Top-K: Precision@5: 0.2719 | Recall@5: 0.2033 | NDCG@5: 0.3202 | Hit@5: 0.6601 | Precision@10: 0.2306 | Recall@10: 0.3205 | NDCG@10: 0.3395 | Hit@10: 0.7814 | Precision@20: 0.1863 | Recall@20: 0.4791 | NDCG@20: 0.3844 | Hit@20: 0.8695 | MAP: 0.3005 | MRR: 0.4859
2025-11-21 01:49:00,351 | INFO | Learning rate reduced from 0.000125 to 0.000063
2025-11-21 01:51:10,950 | INFO | Epoch 23 | Train Loss: 0.4111 | Val AUC: 0.7947 | Best AUC: 0.8084 | LR: 0.000063 | Top-K: Precision@5: 0.2735 | Recall@5: 0.2065 | NDCG@5: 0.3221 | Hit@5: 0.6644 | Precision@10: 0.2332 | Recall@10: 0.3262 | NDCG@10: 0.3425 | Hit@10: 0.7857 | Precision@20: 0.1870 | Recall@20: 0.4820 | NDCG@20: 0.3862 | Hit@20: 0.8730 | MAP: 0.3012 | MRR: 0.4874
2025-11-21 01:53:20,151 | INFO | Epoch 24 | Train Loss: 0.4089 | Val AUC: 0.7946 | Best AUC: 0.8084 | LR: 0.000063 | Top-K: Precision@5: 0.2704 | Recall@5: 0.2034 | NDCG@5: 0.3184 | Hit@5: 0.6580 | Precision@10: 0.2290 | Recall@10: 0.3192 | NDCG@10: 0.3369 | Hit@10: 0.7781 | Precision@20: 0.1858 | Recall@20: 0.4801 | NDCG@20: 0.3829 | Hit@20: 0.8733 | MAP: 0.2983 | MRR: 0.4839
2025-11-21 01:55:26,645 | INFO | Epoch 25 | Train Loss: 0.4072 | Val AUC: 0.7940 | Best AUC: 0.8084 | LR: 0.000063 | Top-K: Precision@5: 0.2659 | Recall@5: 0.2001 | NDCG@5: 0.3138 | Hit@5: 0.6577 | Precision@10: 0.2269 | Recall@10: 0.3173 | NDCG@10: 0.3336 | Hit@10: 0.7773 | Precision@20: 0.1843 | Recall@20: 0.4768 | NDCG@20: 0.3792 | Hit@20: 0.8733 | MAP: 0.2950 | MRR: 0.4812
2025-11-21 01:57:35,536 | INFO | Epoch 26 | Train Loss: 0.4057 | Val AUC: 0.7932 | Best AUC: 0.8084 | LR: 0.000063 | Top-K: Precision@5: 0.2699 | Recall@5: 0.2042 | NDCG@5: 0.3196 | Hit@5: 0.6610 | Precision@10: 0.2299 | Recall@10: 0.3209 | NDCG@10: 0.3389 | Hit@10: 0.7802 | Precision@20: 0.1856 | Recall@20: 0.4800 | NDCG@20: 0.3839 | Hit@20: 0.8750 | MAP: 0.2990 | MRR: 0.4878
2025-11-21 01:57:35,536 | INFO | Learning rate reduced from 0.000063 to 0.000031
2025-11-21 01:59:45,173 | INFO | Epoch 27 | Train Loss: 0.3994 | Val AUC: 0.7929 | Best AUC: 0.8084 | LR: 0.000031 | Top-K: Precision@5: 0.2639 | Recall@5: 0.1987 | NDCG@5: 0.3117 | Hit@5: 0.6544 | Precision@10: 0.2251 | Recall@10: 0.3129 | NDCG@10: 0.3307 | Hit@10: 0.7735 | Precision@20: 0.1841 | Recall@20: 0.4756 | NDCG@20: 0.3776 | Hit@20: 0.8723 | MAP: 0.2933 | MRR: 0.4790
2025-11-21 02:01:53,499 | INFO | Epoch 28 | Train Loss: 0.3983 | Val AUC: 0.7922 | Best AUC: 0.8084 | LR: 0.000031 | Top-K: Precision@5: 0.2631 | Recall@5: 0.1975 | NDCG@5: 0.3109 | Hit@5: 0.6495 | Precision@10: 0.2252 | Recall@10: 0.3128 | NDCG@10: 0.3305 | Hit@10: 0.7728 | Precision@20: 0.1836 | Recall@20: 0.4754 | NDCG@20: 0.3770 | Hit@20: 0.8730 | MAP: 0.2929 | MRR: 0.4785
2025-11-21 02:04:01,648 | INFO | Epoch 29 | Train Loss: 0.3971 | Val AUC: 0.7915 | Best AUC: 0.8084 | LR: 0.000031 | Top-K: Precision@5: 0.2634 | Recall@5: 0.1978 | NDCG@5: 0.3099 | Hit@5: 0.6516 | Precision@10: 0.2236 | Recall@10: 0.3119 | NDCG@10: 0.3283 | Hit@10: 0.7722 | Precision@20: 0.1832 | Recall@20: 0.4730 | NDCG@20: 0.3751 | Hit@20: 0.8721 | MAP: 0.2911 | MRR: 0.4764
2025-11-21 02:06:12,032 | INFO | Epoch 30 | Train Loss: 0.3953 | Val AUC: 0.7906 | Best AUC: 0.8084 | LR: 0.000031 | Top-K: Precision@5: 0.2588 | Recall@5: 0.1944 | NDCG@5: 0.3053 | Hit@5: 0.6487 | Precision@10: 0.2215 | Recall@10: 0.3089 | NDCG@10: 0.3250 | Hit@10: 0.7707 | Precision@20: 0.1821 | Recall@20: 0.4711 | NDCG@20: 0.3722 | Hit@20: 0.8728 | MAP: 0.2886 | MRR: 0.4737
2025-11-21 02:06:12,033 | INFO | Learning rate reduced from 0.000031 to 0.000016
2025-11-21 02:06:12,033 | INFO | Training finished. Best Val AUC=0.8084
