2025-11-22 15:26:07,854 | INFO | Logging to: logs\heavy_transformer_model\train_20251122_152607.log
2025-11-22 15:26:07,854 | INFO | Using device: cuda
2025-11-22 15:31:24,415 | INFO | Epoch 01 | Loss: 1.7934 (Rec: 1.7803, Con: 0.1316) | Val AUC: 0.6145 | Precision@5: 0.2107 | Recall@5: 0.1459 | NDCG@5: 0.2370 | Hit@5: 0.5772 | Precision@10: 0.1865 | Recall@10: 0.2450 | NDCG@10: 0.2564 | Hit@10: 0.7124 | Precision@20: 0.1518 | Recall@20: 0.3775 | NDCG@20: 0.2927 | Hit@20: 0.8165 | MAP: 0.2144 | MRR: 0.3893
2025-11-22 15:31:24,433 | INFO | Saved best model to model\best_model_heavy_transformer_model.pth
2025-11-22 15:36:52,258 | INFO | Epoch 02 | Loss: 0.6681 (Rec: 0.6614, Con: 0.0665) | Val AUC: 0.7223 | Precision@5: 0.2487 | Recall@5: 0.1792 | NDCG@5: 0.2847 | Hit@5: 0.5684 | Precision@10: 0.2096 | Recall@10: 0.2769 | NDCG@10: 0.2979 | Hit@10: 0.6677 | Precision@20: 0.1677 | Recall@20: 0.4142 | NDCG@20: 0.3343 | Hit@20: 0.7728 | MAP: 0.2679 | MRR: 0.4180
2025-11-22 15:36:52,275 | INFO | Saved best model to model\best_model_heavy_transformer_model.pth
2025-11-22 15:42:28,633 | INFO | Epoch 03 | Loss: 0.5740 (Rec: 0.5687, Con: 0.0529) | Val AUC: 0.7738 | Precision@5: 0.2359 | Recall@5: 0.1690 | NDCG@5: 0.2652 | Hit@5: 0.5462 | Precision@10: 0.2072 | Recall@10: 0.2757 | NDCG@10: 0.2865 | Hit@10: 0.6533 | Precision@20: 0.1716 | Recall@20: 0.4240 | NDCG@20: 0.3297 | Hit@20: 0.7674 | MAP: 0.2647 | MRR: 0.3896
2025-11-22 15:42:28,652 | INFO | Saved best model to model\best_model_heavy_transformer_model.pth
2025-11-22 15:47:46,696 | INFO | Epoch 04 | Loss: 0.5458 (Rec: 0.5411, Con: 0.0467) | Val AUC: 0.7866 | Precision@5: 0.2200 | Recall@5: 0.1582 | NDCG@5: 0.2431 | Hit@5: 0.5265 | Precision@10: 0.2025 | Recall@10: 0.2721 | NDCG@10: 0.2730 | Hit@10: 0.6509 | Precision@20: 0.1743 | Recall@20: 0.4366 | NDCG@20: 0.3251 | Hit@20: 0.7795 | MAP: 0.2581 | MRR: 0.3631
2025-11-22 15:47:46,713 | INFO | Saved best model to model\best_model_heavy_transformer_model.pth
2025-11-22 15:53:06,869 | INFO | Epoch 05 | Loss: 0.5353 (Rec: 0.5309, Con: 0.0441) | Val AUC: 0.7906 | Precision@5: 0.2343 | Recall@5: 0.1702 | NDCG@5: 0.2649 | Hit@5: 0.5457 | Precision@10: 0.2118 | Recall@10: 0.2862 | NDCG@10: 0.2922 | Hit@10: 0.6765 | Precision@20: 0.1849 | Recall@20: 0.4690 | NDCG@20: 0.3507 | Hit@20: 0.8072 | MAP: 0.2763 | MRR: 0.3928
2025-11-22 15:53:06,884 | INFO | Saved best model to model\best_model_heavy_transformer_model.pth
2025-11-22 15:58:28,428 | INFO | Epoch 06 | Loss: 0.5261 (Rec: 0.5218, Con: 0.0434) | Val AUC: 0.7955 | Precision@5: 0.2439 | Recall@5: 0.1756 | NDCG@5: 0.2735 | Hit@5: 0.5654 | Precision@10: 0.2203 | Recall@10: 0.2991 | NDCG@10: 0.3027 | Hit@10: 0.7027 | Precision@20: 0.1912 | Recall@20: 0.4853 | NDCG@20: 0.3623 | Hit@20: 0.8238 | MAP: 0.2836 | MRR: 0.4046
2025-11-22 15:58:28,444 | INFO | Saved best model to model\best_model_heavy_transformer_model.pth
2025-11-22 16:03:44,812 | INFO | Epoch 07 | Loss: 0.5165 (Rec: 0.5122, Con: 0.0431) | Val AUC: 0.7981 | Precision@5: 0.2584 | Recall@5: 0.1900 | NDCG@5: 0.2947 | Hit@5: 0.5912 | Precision@10: 0.2305 | Recall@10: 0.3171 | NDCG@10: 0.3234 | Hit@10: 0.7222 | Precision@20: 0.2000 | Recall@20: 0.5098 | NDCG@20: 0.3851 | Hit@20: 0.8461 | MAP: 0.3016 | MRR: 0.4295
2025-11-22 16:03:44,830 | INFO | Saved best model to model\best_model_heavy_transformer_model.pth
2025-11-22 16:09:05,351 | INFO | Epoch 08 | Loss: 0.5061 (Rec: 0.5018, Con: 0.0427) | Val AUC: 0.8024 | Precision@5: 0.2611 | Recall@5: 0.1922 | NDCG@5: 0.2975 | Hit@5: 0.6035 | Precision@10: 0.2346 | Recall@10: 0.3234 | NDCG@10: 0.3279 | Hit@10: 0.7340 | Precision@20: 0.2005 | Recall@20: 0.5100 | NDCG@20: 0.3869 | Hit@20: 0.8486 | MAP: 0.3031 | MRR: 0.4354
2025-11-22 16:09:05,368 | INFO | Saved best model to model\best_model_heavy_transformer_model.pth
2025-11-22 16:14:25,479 | INFO | Epoch 09 | Loss: 0.4950 (Rec: 0.4908, Con: 0.0421) | Val AUC: 0.8050 | Precision@5: 0.2762 | Recall@5: 0.2048 | NDCG@5: 0.3146 | Hit@5: 0.6305 | Precision@10: 0.2488 | Recall@10: 0.3446 | NDCG@10: 0.3480 | Hit@10: 0.7610 | Precision@20: 0.2100 | Recall@20: 0.5373 | NDCG@20: 0.4085 | Hit@20: 0.8636 | MAP: 0.3184 | MRR: 0.4548
2025-11-22 16:14:25,496 | INFO | Saved best model to model\best_model_heavy_transformer_model.pth
2025-11-22 16:19:48,216 | INFO | Epoch 10 | Loss: 0.4838 (Rec: 0.4796, Con: 0.0420) | Val AUC: 0.8064 | Precision@5: 0.2854 | Recall@5: 0.2101 | NDCG@5: 0.3265 | Hit@5: 0.6378 | Precision@10: 0.2558 | Recall@10: 0.3515 | NDCG@10: 0.3594 | Hit@10: 0.7691 | Precision@20: 0.2146 | Recall@20: 0.5465 | NDCG@20: 0.4197 | Hit@20: 0.8726 | MAP: 0.3276 | MRR: 0.4703
2025-11-22 16:19:48,232 | INFO | Saved best model to model\best_model_heavy_transformer_model.pth
2025-11-22 16:25:08,051 | INFO | Epoch 11 | Loss: 0.4731 (Rec: 0.4689, Con: 0.0423) | Val AUC: 0.8066 | Precision@5: 0.2951 | Recall@5: 0.2204 | NDCG@5: 0.3377 | Hit@5: 0.6610 | Precision@10: 0.2591 | Recall@10: 0.3591 | NDCG@10: 0.3673 | Hit@10: 0.7757 | Precision@20: 0.2160 | Recall@20: 0.5517 | NDCG@20: 0.4265 | Hit@20: 0.8811 | MAP: 0.3323 | MRR: 0.4806
2025-11-22 16:25:08,071 | INFO | Saved best model to model\best_model_heavy_transformer_model.pth
2025-11-22 16:30:28,588 | INFO | Epoch 12 | Loss: 0.4626 (Rec: 0.4583, Con: 0.0424) | Val AUC: 0.8075 | Precision@5: 0.3034 | Recall@5: 0.2276 | NDCG@5: 0.3478 | Hit@5: 0.6758 | Precision@10: 0.2672 | Recall@10: 0.3716 | NDCG@10: 0.3790 | Hit@10: 0.7928 | Precision@20: 0.2201 | Recall@20: 0.5608 | NDCG@20: 0.4361 | Hit@20: 0.8885 | MAP: 0.3397 | MRR: 0.4910
2025-11-22 16:30:28,607 | INFO | Saved best model to model\best_model_heavy_transformer_model.pth
##2025-11-22 16:35:51,925 | INFO | Epoch 13 | Loss: 0.4521 (Rec: 0.4479, Con: 0.0419) | Val AUC: 0.8070 | Precision@5: 0.3013 | Recall@5: 0.2227 | NDCG@5: 0.3452 | Hit@5: 0.6696 | Precision@10: 0.2674 | Recall@10: 0.3700 | NDCG@10: 0.3780 | Hit@10: 0.7923 | Precision@20: 0.2208 | Recall@20: 0.5620 | NDCG@20: 0.4361 | Hit@20: 0.8854 | MAP: 0.3387 | MRR: 0.4925
2025-11-22 16:41:18,035 | INFO | Epoch 14 | Loss: 0.4416 (Rec: 0.4373, Con: 0.0420) | Val AUC: 0.8062 | Precision@5: 0.3081 | Recall@5: 0.2299 | NDCG@5: 0.3559 | Hit@5: 0.6774 | Precision@10: 0.2711 | Recall@10: 0.3757 | NDCG@10: 0.3870 | Hit@10: 0.7982 | Precision@20: 0.2220 | Recall@20: 0.5661 | NDCG@20: 0.4442 | Hit@20: 0.8932 | MAP: 0.3459 | MRR: 0.5073
2025-11-22 16:48:19,014 | INFO | Epoch 15 | Loss: 0.4307 (Rec: 0.4265, Con: 0.0420) | Val AUC: 0.8043 | Precision@5: 0.3179 | Recall@5: 0.2369 | NDCG@5: 0.3662 | Hit@5: 0.6947 | Precision@10: 0.2771 | Recall@10: 0.3855 | NDCG@10: 0.3964 | Hit@10: 0.8096 | Precision@20: 0.2248 | Recall@20: 0.5737 | NDCG@20: 0.4518 | Hit@20: 0.8972 | MAP: 0.3511 | MRR: 0.5157
2025-11-22 16:58:55,884 | INFO | Epoch 16 | Loss: 0.4123 (Rec: 0.4084, Con: 0.0388) | Val AUC: 0.8046 | Precision@5: 0.3122 | Recall@5: 0.2332 | NDCG@5: 0.3600 | Hit@5: 0.6916 | Precision@10: 0.2748 | Recall@10: 0.3799 | NDCG@10: 0.3911 | Hit@10: 0.8065 | Precision@20: 0.2231 | Recall@20: 0.5681 | NDCG@20: 0.4466 | Hit@20: 0.8953 | MAP: 0.3466 | MRR: 0.5117
2025-11-22 17:09:46,259 | INFO | Epoch 17 | Loss: 0.4061 (Rec: 0.4023, Con: 0.0384) | Val AUC: 0.8024 | Precision@5: 0.3200 | Recall@5: 0.2390 | NDCG@5: 0.3694 | Hit@5: 0.7006 | Precision@10: 0.2769 | Recall@10: 0.3844 | NDCG@10: 0.3975 | Hit@10: 0.8103 | Precision@20: 0.2238 | Recall@20: 0.5708 | NDCG@20: 0.4520 | Hit@20: 0.8946 | MAP: 0.3513 | MRR: 0.5211
2025-11-22 17:20:25,789 | INFO | Epoch 18 | Loss: 0.4004 (Rec: 0.3965, Con: 0.0385) | Val AUC: 0.8018 | Precision@5: 0.3167 | Recall@5: 0.2338 | NDCG@5: 0.3649 | Hit@5: 0.6949 | Precision@10: 0.2745 | Recall@10: 0.3793 | NDCG@10: 0.3936 | Hit@10: 0.8074 | Precision@20: 0.2231 | Recall@20: 0.5683 | NDCG@20: 0.4490 | Hit@20: 0.8951 | MAP: 0.3483 | MRR: 0.5185
2025-11-22 17:31:14,003 | INFO | Epoch 19 | Loss: 0.3904 (Rec: 0.3866, Con: 0.0374) | Val AUC: 0.8015 | Precision@5: 0.3131 | Recall@5: 0.2337 | NDCG@5: 0.3616 | Hit@5: 0.6930 | Precision@10: 0.2743 | Recall@10: 0.3815 | NDCG@10: 0.3922 | Hit@10: 0.8124 | Precision@20: 0.2220 | Recall@20: 0.5658 | NDCG@20: 0.4463 | Hit@20: 0.8969 | MAP: 0.3461 | MRR: 0.5145
2025-11-22 17:42:06,032 | INFO | Epoch 20 | Loss: 0.3874 (Rec: 0.3837, Con: 0.0373) | Val AUC: 0.8012 | Precision@5: 0.3167 | Recall@5: 0.2373 | NDCG@5: 0.3669 | Hit@5: 0.7009 | Precision@10: 0.2769 | Recall@10: 0.3838 | NDCG@10: 0.3969 | Hit@10: 0.8157 | Precision@20: 0.2231 | Recall@20: 0.5688 | NDCG@20: 0.4504 | Hit@20: 0.8965 | MAP: 0.3494 | MRR: 0.5204
2025-11-22 17:52:35,391 | INFO | Epoch 21 | Loss: 0.3846 (Rec: 0.3809, Con: 0.0374) | Val AUC: 0.8002 | Precision@5: 0.3197 | Recall@5: 0.2401 | NDCG@5: 0.3689 | Hit@5: 0.7044 | Precision@10: 0.2760 | Recall@10: 0.3826 | NDCG@10: 0.3965 | Hit@10: 0.8115 | Precision@20: 0.2232 | Recall@20: 0.5687 | NDCG@20: 0.4508 | Hit@20: 0.8974 | MAP: 0.3500 | MRR: 0.5199
2025-11-22 18:03:06,534 | INFO | Epoch 22 | Loss: 0.3794 (Rec: 0.3757, Con: 0.0367) | Val AUC: 0.8002 | Precision@5: 0.3169 | Recall@5: 0.2378 | NDCG@5: 0.3676 | Hit@5: 0.7027 | Precision@10: 0.2743 | Recall@10: 0.3810 | NDCG@10: 0.3954 | Hit@10: 0.8120 | Precision@20: 0.2220 | Recall@20: 0.5663 | NDCG@20: 0.4496 | Hit@20: 0.8967 | MAP: 0.3492 | MRR: 0.5220
2025-11-22 18:13:29,628 | INFO | Epoch 23 | Loss: 0.3780 (Rec: 0.3743, Con: 0.0366) | Val AUC: 0.7998 | Precision@5: 0.3163 | Recall@5: 0.2378 | NDCG@5: 0.3664 | Hit@5: 0.7044 | Precision@10: 0.2760 | Recall@10: 0.3835 | NDCG@10: 0.3960 | Hit@10: 0.8169 | Precision@20: 0.2224 | Recall@20: 0.5670 | NDCG@20: 0.4492 | Hit@20: 0.8986 | MAP: 0.3482 | MRR: 0.5208
2025-11-22 18:25:06,613 | INFO | Epoch 24 | Loss: 0.3766 (Rec: 0.3730, Con: 0.0366) | Val AUC: 0.7995 | Precision@5: 0.3150 | Recall@5: 0.2362 | NDCG@5: 0.3647 | Hit@5: 0.6997 | Precision@10: 0.2746 | Recall@10: 0.3820 | NDCG@10: 0.3944 | Hit@10: 0.8110 | Precision@20: 0.2210 | Recall@20: 0.5634 | NDCG@20: 0.4468 | Hit@20: 0.8963 | MAP: 0.3470 | MRR: 0.5184
2025-11-22 18:34:33,458 | INFO | Epoch 25 | Loss: 0.3739 (Rec: 0.3703, Con: 0.0361) | Val AUC: 0.7997 | Precision@5: 0.3199 | Recall@5: 0.2392 | NDCG@5: 0.3687 | Hit@5: 0.7073 | Precision@10: 0.2767 | Recall@10: 0.3833 | NDCG@10: 0.3967 | Hit@10: 0.8157 | Precision@20: 0.2223 | Recall@20: 0.5642 | NDCG@20: 0.4489 | Hit@20: 0.8951 | MAP: 0.3483 | MRR: 0.5212
2025-11-22 18:45:29,019 | INFO | Epoch 26 | Loss: 0.3732 (Rec: 0.3696, Con: 0.0360) | Val AUC: 0.7994 | Precision@5: 0.3163 | Recall@5: 0.2382 | NDCG@5: 0.3686 | Hit@5: 0.7039 | Precision@10: 0.2741 | Recall@10: 0.3810 | NDCG@10: 0.3961 | Hit@10: 0.8145 | Precision@20: 0.2217 | Recall@20: 0.5648 | NDCG@20: 0.4497 | Hit@20: 0.8967 | MAP: 0.3492 | MRR: 0.5246
2025-11-22 18:55:53,124 | INFO | Epoch 27 | Loss: 0.3726 (Rec: 0.3689, Con: 0.0361) | Val AUC: 0.7990 | Precision@5: 0.3188 | Recall@5: 0.2375 | NDCG@5: 0.3672 | Hit@5: 0.7009 | Precision@10: 0.2757 | Recall@10: 0.3827 | NDCG@10: 0.3954 | Hit@10: 0.8155 | Precision@20: 0.2220 | Recall@20: 0.5653 | NDCG@20: 0.4481 | Hit@20: 0.8958 | MAP: 0.3472 | MRR: 0.5200
2025-11-22 19:06:28,843 | INFO | Epoch 28 | Loss: 0.3711 (Rec: 0.3675, Con: 0.0360) | Val AUC: 0.7990 | Precision@5: 0.3182 | Recall@5: 0.2381 | NDCG@5: 0.3686 | Hit@5: 0.7008 | Precision@10: 0.2750 | Recall@10: 0.3819 | NDCG@10: 0.3964 | Hit@10: 0.8126 | Precision@20: 0.2217 | Recall@20: 0.5643 | NDCG@20: 0.4492 | Hit@20: 0.8955 | MAP: 0.3485 | MRR: 0.5249
2025-11-22 19:16:49,318 | INFO | Epoch 29 | Loss: 0.3708 (Rec: 0.3672, Con: 0.0360) | Val AUC: 0.7988 | Precision@5: 0.3151 | Recall@5: 0.2364 | NDCG@5: 0.3651 | Hit@5: 0.7018 | Precision@10: 0.2759 | Recall@10: 0.3819 | NDCG@10: 0.3956 | Hit@10: 0.8148 | Precision@20: 0.2220 | Recall@20: 0.5663 | NDCG@20: 0.4487 | Hit@20: 0.8991 | MAP: 0.3479 | MRR: 0.5197
2025-11-22 19:27:07,631 | INFO | Epoch 30 | Loss: 0.3705 (Rec: 0.3669, Con: 0.0361) | Val AUC: 0.7987 | Precision@5: 0.3171 | Recall@5: 0.2372 | NDCG@5: 0.3671 | Hit@5: 0.7047 | Precision@10: 0.2766 | Recall@10: 0.3846 | NDCG@10: 0.3972 | Hit@10: 0.8190 | Precision@20: 0.2214 | Recall@20: 0.5643 | NDCG@20: 0.4487 | Hit@20: 0.8969 | MAP: 0.3484 | MRR: 0.5219
